mode: set
digital.vasic.translator/pkg/api/batch_handlers.go:71.57,73.47 2 1
digital.vasic.translator/pkg/api/batch_handlers.go:73.47,76.3 2 1
digital.vasic.translator/pkg/api/batch_handlers.go:79.2,83.16 3 1
digital.vasic.translator/pkg/api/batch_handlers.go:83.16,86.3 2 0
digital.vasic.translator/pkg/api/batch_handlers.go:89.2,90.30 2 1
digital.vasic.translator/pkg/api/batch_handlers.go:90.30,92.17 2 0
digital.vasic.translator/pkg/api/batch_handlers.go:92.17,95.4 2 0
digital.vasic.translator/pkg/api/batch_handlers.go:99.2,102.20 3 1
digital.vasic.translator/pkg/api/batch_handlers.go:102.20,104.21 2 1
digital.vasic.translator/pkg/api/batch_handlers.go:104.21,106.4 1 0
digital.vasic.translator/pkg/api/batch_handlers.go:109.2,110.17 2 1
digital.vasic.translator/pkg/api/batch_handlers.go:110.17,112.3 1 1
digital.vasic.translator/pkg/api/batch_handlers.go:114.2,121.18 2 1
digital.vasic.translator/pkg/api/batch_handlers.go:122.72,124.17 2 1
digital.vasic.translator/pkg/api/batch_handlers.go:124.17,127.4 2 1
digital.vasic.translator/pkg/api/batch_handlers.go:128.10,130.9 2 1
digital.vasic.translator/pkg/api/batch_handlers.go:134.2,152.16 6 0
digital.vasic.translator/pkg/api/batch_handlers.go:152.16,160.3 3 0
digital.vasic.translator/pkg/api/batch_handlers.go:163.2,180.4 2 0
digital.vasic.translator/pkg/api/batch_handlers.go:184.60,186.47 2 1
digital.vasic.translator/pkg/api/batch_handlers.go:186.47,189.3 2 1
digital.vasic.translator/pkg/api/batch_handlers.go:192.2,196.16 3 1
digital.vasic.translator/pkg/api/batch_handlers.go:196.16,199.3 2 0
digital.vasic.translator/pkg/api/batch_handlers.go:202.2,203.30 2 1
digital.vasic.translator/pkg/api/batch_handlers.go:203.30,205.17 2 0
digital.vasic.translator/pkg/api/batch_handlers.go:205.17,208.4 2 0
digital.vasic.translator/pkg/api/batch_handlers.go:212.2,214.20 3 1
digital.vasic.translator/pkg/api/batch_handlers.go:214.20,216.21 2 0
digital.vasic.translator/pkg/api/batch_handlers.go:216.21,218.4 1 0
digital.vasic.translator/pkg/api/batch_handlers.go:221.2,222.17 2 1
digital.vasic.translator/pkg/api/batch_handlers.go:222.17,224.3 1 1
digital.vasic.translator/pkg/api/batch_handlers.go:226.2,233.18 2 1
digital.vasic.translator/pkg/api/batch_handlers.go:234.72,236.17 2 1
digital.vasic.translator/pkg/api/batch_handlers.go:236.17,239.4 2 1
digital.vasic.translator/pkg/api/batch_handlers.go:240.10,242.9 2 0
digital.vasic.translator/pkg/api/batch_handlers.go:246.2,286.16 8 0
digital.vasic.translator/pkg/api/batch_handlers.go:286.16,294.3 3 0
digital.vasic.translator/pkg/api/batch_handlers.go:297.2,300.33 4 0
digital.vasic.translator/pkg/api/batch_handlers.go:300.33,301.21 1 0
digital.vasic.translator/pkg/api/batch_handlers.go:301.21,303.4 1 0
digital.vasic.translator/pkg/api/batch_handlers.go:303.9,305.4 1 0
digital.vasic.translator/pkg/api/batch_handlers.go:307.3,308.26 2 0
digital.vasic.translator/pkg/api/batch_handlers.go:308.26,310.4 1 0
digital.vasic.translator/pkg/api/batch_handlers.go:312.3,317.4 1 0
digital.vasic.translator/pkg/api/batch_handlers.go:321.2,341.4 2 0
digital.vasic.translator/pkg/api/batch_handlers.go:345.64,348.2 2 1
digital.vasic.translator/pkg/api/handler.go:53.12,62.2 1 1
digital.vasic.translator/pkg/api/handler.go:65.54,75.2 5 1
digital.vasic.translator/pkg/api/handler.go:75.2,103.11 15 1
digital.vasic.translator/pkg/api/handler.go:103.11,127.4 19 1
digital.vasic.translator/pkg/api/handler.go:130.3,133.35 2 1
digital.vasic.translator/pkg/api/handler.go:133.35,140.4 5 0
digital.vasic.translator/pkg/api/handler.go:140.4,142.5 1 0
digital.vasic.translator/pkg/api/handler.go:148.47,154.2 1 1
digital.vasic.translator/pkg/api/handler.go:157.43,171.2 1 1
digital.vasic.translator/pkg/api/handler.go:174.49,183.47 2 1
digital.vasic.translator/pkg/api/handler.go:183.47,186.3 2 1
digital.vasic.translator/pkg/api/handler.go:189.2,190.16 2 1
digital.vasic.translator/pkg/api/handler.go:190.16,193.3 2 1
digital.vasic.translator/pkg/api/handler.go:196.2,202.33 4 0
digital.vasic.translator/pkg/api/handler.go:202.33,204.75 1 0
digital.vasic.translator/pkg/api/handler.go:204.75,206.29 2 0
digital.vasic.translator/pkg/api/handler.go:206.29,208.5 1 0
digital.vasic.translator/pkg/api/handler.go:208.10,219.24 3 0
digital.vasic.translator/pkg/api/handler.go:219.24,222.6 2 0
digital.vasic.translator/pkg/api/handler.go:223.5,223.29 1 0
digital.vasic.translator/pkg/api/handler.go:225.9,228.23 2 0
digital.vasic.translator/pkg/api/handler.go:228.23,231.5 2 0
digital.vasic.translator/pkg/api/handler.go:232.4,232.28 1 0
digital.vasic.translator/pkg/api/handler.go:234.8,237.22 2 0
digital.vasic.translator/pkg/api/handler.go:237.22,240.4 2 0
digital.vasic.translator/pkg/api/handler.go:241.3,241.27 1 0
digital.vasic.translator/pkg/api/handler.go:245.2,245.27 1 0
digital.vasic.translator/pkg/api/handler.go:245.27,248.3 2 0
digital.vasic.translator/pkg/api/handler.go:250.2,256.4 1 0
digital.vasic.translator/pkg/api/handler.go:260.48,263.16 2 1
digital.vasic.translator/pkg/api/handler.go:263.16,266.3 2 1
digital.vasic.translator/pkg/api/handler.go:267.2,270.20 3 1
digital.vasic.translator/pkg/api/handler.go:270.20,272.3 1 1
digital.vasic.translator/pkg/api/handler.go:274.2,276.22 3 1
digital.vasic.translator/pkg/api/handler.go:276.22,278.3 1 1
digital.vasic.translator/pkg/api/handler.go:281.2,297.16 6 1
digital.vasic.translator/pkg/api/handler.go:297.16,300.3 2 0
digital.vasic.translator/pkg/api/handler.go:301.2,305.16 4 0
digital.vasic.translator/pkg/api/handler.go:305.16,308.3 2 0
digital.vasic.translator/pkg/api/handler.go:309.2,314.16 4 0
digital.vasic.translator/pkg/api/handler.go:314.16,317.3 2 0
digital.vasic.translator/pkg/api/handler.go:320.2,321.16 2 0
digital.vasic.translator/pkg/api/handler.go:321.16,324.3 2 0
digital.vasic.translator/pkg/api/handler.go:327.2,329.34 2 0
digital.vasic.translator/pkg/api/handler.go:329.34,358.83 6 0
digital.vasic.translator/pkg/api/handler.go:358.83,361.4 2 0
digital.vasic.translator/pkg/api/handler.go:364.3,366.77 3 0
digital.vasic.translator/pkg/api/handler.go:366.77,368.4 1 0
digital.vasic.translator/pkg/api/handler.go:368.9,370.4 1 0
digital.vasic.translator/pkg/api/handler.go:371.8,373.74 1 0
digital.vasic.translator/pkg/api/handler.go:373.74,376.4 2 0
digital.vasic.translator/pkg/api/handler.go:386.2,393.16 4 0
digital.vasic.translator/pkg/api/handler.go:393.16,396.3 2 0
digital.vasic.translator/pkg/api/handler.go:397.2,402.62 4 0
digital.vasic.translator/pkg/api/handler.go:402.62,405.3 2 0
digital.vasic.translator/pkg/api/handler.go:408.2,410.16 3 0
digital.vasic.translator/pkg/api/handler.go:410.16,413.3 2 0
digital.vasic.translator/pkg/api/handler.go:416.2,433.35 7 0
digital.vasic.translator/pkg/api/handler.go:437.50,445.47 2 1
digital.vasic.translator/pkg/api/handler.go:445.47,448.3 2 1
digital.vasic.translator/pkg/api/handler.go:451.2,452.16 2 1
digital.vasic.translator/pkg/api/handler.go:452.16,455.3 2 1
digital.vasic.translator/pkg/api/handler.go:458.2,464.33 4 0
digital.vasic.translator/pkg/api/handler.go:464.33,466.17 2 0
digital.vasic.translator/pkg/api/handler.go:466.17,468.4 1 0
digital.vasic.translator/pkg/api/handler.go:468.9,470.4 1 0
digital.vasic.translator/pkg/api/handler.go:473.2,479.4 1 0
digital.vasic.translator/pkg/api/handler.go:483.49,489.47 2 1
digital.vasic.translator/pkg/api/handler.go:489.47,492.3 2 1
digital.vasic.translator/pkg/api/handler.go:494.2,497.20 3 1
digital.vasic.translator/pkg/api/handler.go:498.15,499.39 1 1
digital.vasic.translator/pkg/api/handler.go:500.18,501.42 1 1
digital.vasic.translator/pkg/api/handler.go:502.10,504.9 2 1
digital.vasic.translator/pkg/api/handler.go:507.2,511.4 1 1
digital.vasic.translator/pkg/api/handler.go:515.45,522.2 2 1
digital.vasic.translator/pkg/api/handler.go:525.49,568.2 2 1
digital.vasic.translator/pkg/api/handler.go:571.46,588.2 6 1
digital.vasic.translator/pkg/api/handler.go:593.34,595.60 1 1
digital.vasic.translator/pkg/api/handler.go:595.60,597.3 1 0
digital.vasic.translator/pkg/api/handler.go:600.2,600.87 1 1
digital.vasic.translator/pkg/api/handler.go:600.87,602.3 1 0
digital.vasic.translator/pkg/api/handler.go:605.2,605.82 1 1
digital.vasic.translator/pkg/api/handler.go:605.82,607.3 1 1
digital.vasic.translator/pkg/api/handler.go:609.2,609.18 1 0
digital.vasic.translator/pkg/api/handler.go:613.28,614.83 1 1
digital.vasic.translator/pkg/api/handler.go:614.83,616.3 1 1
digital.vasic.translator/pkg/api/handler.go:617.2,617.46 1 0
digital.vasic.translator/pkg/api/handler.go:621.28,622.71 1 1
digital.vasic.translator/pkg/api/handler.go:622.71,624.3 1 1
digital.vasic.translator/pkg/api/handler.go:625.2,625.18 1 0
digital.vasic.translator/pkg/api/handler.go:629.28,630.61 1 1
digital.vasic.translator/pkg/api/handler.go:630.61,632.22 2 1
digital.vasic.translator/pkg/api/handler.go:632.22,634.4 1 1
digital.vasic.translator/pkg/api/handler.go:636.2,636.18 1 0
digital.vasic.translator/pkg/api/handler.go:640.55,642.16 2 1
digital.vasic.translator/pkg/api/handler.go:642.16,644.3 1 1
digital.vasic.translator/pkg/api/handler.go:645.2,645.26 1 0
digital.vasic.translator/pkg/api/handler.go:649.62,652.16 3 1
digital.vasic.translator/pkg/api/handler.go:652.16,654.3 1 1
digital.vasic.translator/pkg/api/handler.go:655.2,655.28 1 1
digital.vasic.translator/pkg/api/handler.go:659.44,668.2 2 1
digital.vasic.translator/pkg/api/handler.go:671.52,673.43 1 1
digital.vasic.translator/pkg/api/handler.go:673.43,675.4 1 1
digital.vasic.translator/pkg/api/handler.go:678.2,679.16 2 1
digital.vasic.translator/pkg/api/handler.go:679.16,681.3 1 1
digital.vasic.translator/pkg/api/handler.go:683.2,695.22 5 0
digital.vasic.translator/pkg/api/handler.go:700.95,701.24 1 1
digital.vasic.translator/pkg/api/handler.go:701.24,703.3 1 1
digital.vasic.translator/pkg/api/handler.go:706.2,706.35 1 1
digital.vasic.translator/pkg/api/handler.go:706.35,707.34 1 0
digital.vasic.translator/pkg/api/handler.go:707.34,709.4 1 0
digital.vasic.translator/pkg/api/handler.go:711.3,711.97 1 0
digital.vasic.translator/pkg/api/handler.go:714.2,723.73 2 1
digital.vasic.translator/pkg/api/handler.go:723.73,726.18 3 0
digital.vasic.translator/pkg/api/handler.go:726.18,728.4 1 0
digital.vasic.translator/pkg/api/handler.go:729.3,729.39 1 0
digital.vasic.translator/pkg/api/handler.go:732.2,732.37 1 1
digital.vasic.translator/pkg/api/handler.go:740.107,742.2 1 0
digital.vasic.translator/pkg/api/handler.go:744.164,747.2 1 0
digital.vasic.translator/pkg/api/handler.go:749.73,752.2 1 1
digital.vasic.translator/pkg/api/handler.go:754.51,756.2 1 1
digital.vasic.translator/pkg/api/handler.go:758.125,760.31 1 0
digital.vasic.translator/pkg/api/handler.go:760.31,768.17 2 0
digital.vasic.translator/pkg/api/handler.go:768.17,770.4 1 0
digital.vasic.translator/pkg/api/handler.go:774.2,774.31 1 0
digital.vasic.translator/pkg/api/handler.go:774.31,776.35 1 0
digital.vasic.translator/pkg/api/handler.go:776.35,784.18 2 0
digital.vasic.translator/pkg/api/handler.go:784.18,786.5 1 0
digital.vasic.translator/pkg/api/handler.go:790.3,790.44 1 0
digital.vasic.translator/pkg/api/handler.go:790.44,791.104 1 0
digital.vasic.translator/pkg/api/handler.go:791.104,793.5 1 0
digital.vasic.translator/pkg/api/handler.go:797.2,797.12 1 0
digital.vasic.translator/pkg/api/handler.go:800.139,802.25 1 0
digital.vasic.translator/pkg/api/handler.go:802.25,810.17 2 0
digital.vasic.translator/pkg/api/handler.go:810.17,812.4 1 0
digital.vasic.translator/pkg/api/handler.go:816.2,816.27 1 0
digital.vasic.translator/pkg/api/handler.go:816.27,824.17 2 0
digital.vasic.translator/pkg/api/handler.go:824.17,826.4 1 0
digital.vasic.translator/pkg/api/handler.go:830.2,830.37 1 0
digital.vasic.translator/pkg/api/handler.go:830.37,831.97 1 0
digital.vasic.translator/pkg/api/handler.go:831.97,833.4 1 0
digital.vasic.translator/pkg/api/handler.go:836.2,836.12 1 0
digital.vasic.translator/pkg/api/handler.go:839.68,843.2 3 1
digital.vasic.translator/pkg/api/handler.go:846.52,847.30 1 1
digital.vasic.translator/pkg/api/handler.go:847.30,849.23 2 1
digital.vasic.translator/pkg/api/handler.go:849.23,853.4 3 1
digital.vasic.translator/pkg/api/handler.go:856.3,857.57 2 0
digital.vasic.translator/pkg/api/handler.go:857.57,859.4 1 0
digital.vasic.translator/pkg/api/handler.go:862.3,863.17 2 0
digital.vasic.translator/pkg/api/handler.go:863.17,867.4 3 0
digital.vasic.translator/pkg/api/handler.go:870.3,874.11 4 0
digital.vasic.translator/pkg/api/handler.go:879.41,882.47 2 1
digital.vasic.translator/pkg/api/handler.go:882.47,885.3 2 1
digital.vasic.translator/pkg/api/handler.go:888.2,889.16 2 1
digital.vasic.translator/pkg/api/handler.go:889.16,890.51 1 0
digital.vasic.translator/pkg/api/handler.go:890.51,893.4 2 0
digital.vasic.translator/pkg/api/handler.go:894.3,894.45 1 0
digital.vasic.translator/pkg/api/handler.go:894.45,897.4 2 0
digital.vasic.translator/pkg/api/handler.go:898.3,899.9 2 0
digital.vasic.translator/pkg/api/handler.go:902.2,902.33 1 0
digital.vasic.translator/pkg/api/handler.go:905.49,912.47 2 0
digital.vasic.translator/pkg/api/handler.go:912.47,915.3 2 0
digital.vasic.translator/pkg/api/handler.go:917.2,918.16 2 0
digital.vasic.translator/pkg/api/handler.go:918.16,921.3 2 0
digital.vasic.translator/pkg/api/handler.go:923.2,925.4 1 0
digital.vasic.translator/pkg/api/handler.go:928.46,938.2 4 1
digital.vasic.translator/pkg/api/handler.go:942.56,943.33 1 1
digital.vasic.translator/pkg/api/handler.go:943.33,946.3 2 1
digital.vasic.translator/pkg/api/handler.go:949.2,950.9 2 0
digital.vasic.translator/pkg/api/handler.go:950.9,953.3 2 0
digital.vasic.translator/pkg/api/handler.go:955.2,956.31 2 0
digital.vasic.translator/pkg/api/handler.go:959.51,960.33 1 0
digital.vasic.translator/pkg/api/handler.go:960.33,963.3 2 0
digital.vasic.translator/pkg/api/handler.go:965.2,966.9 2 0
digital.vasic.translator/pkg/api/handler.go:966.9,969.3 2 0
digital.vasic.translator/pkg/api/handler.go:971.2,974.55 3 0
digital.vasic.translator/pkg/api/handler.go:974.55,977.3 2 0
digital.vasic.translator/pkg/api/handler.go:979.2,979.71 1 0
digital.vasic.translator/pkg/api/handler.go:982.46,983.33 1 0
digital.vasic.translator/pkg/api/handler.go:983.33,986.3 2 0
digital.vasic.translator/pkg/api/handler.go:988.2,989.20 2 0
digital.vasic.translator/pkg/api/handler.go:989.20,992.3 2 0
digital.vasic.translator/pkg/api/handler.go:994.2,995.9 2 0
digital.vasic.translator/pkg/api/handler.go:995.9,998.3 2 0
digital.vasic.translator/pkg/api/handler.go:1000.2,1000.48 1 0
digital.vasic.translator/pkg/api/handler.go:1000.48,1003.3 2 0
digital.vasic.translator/pkg/api/handler.go:1005.2,1005.102 1 0
digital.vasic.translator/pkg/api/handler.go:1008.48,1009.33 1 1
digital.vasic.translator/pkg/api/handler.go:1009.33,1012.3 2 1
digital.vasic.translator/pkg/api/handler.go:1014.2,1015.20 2 0
digital.vasic.translator/pkg/api/handler.go:1015.20,1018.3 2 0
digital.vasic.translator/pkg/api/handler.go:1020.2,1021.9 2 0
digital.vasic.translator/pkg/api/handler.go:1021.9,1024.3 2 0
digital.vasic.translator/pkg/api/handler.go:1026.2,1026.50 1 0
digital.vasic.translator/pkg/api/handler.go:1026.50,1029.3 2 0
digital.vasic.translator/pkg/api/handler.go:1031.2,1031.104 1 0
digital.vasic.translator/pkg/api/handler.go:1034.56,1035.33 1 1
digital.vasic.translator/pkg/api/handler.go:1035.33,1038.3 2 1
digital.vasic.translator/pkg/api/handler.go:1040.2,1045.47 2 0
digital.vasic.translator/pkg/api/handler.go:1045.47,1048.3 2 0
digital.vasic.translator/pkg/api/handler.go:1050.2,1051.9 2 0
digital.vasic.translator/pkg/api/handler.go:1051.9,1054.3 2 0
digital.vasic.translator/pkg/api/handler.go:1056.2,1060.21 4 0
digital.vasic.translator/pkg/api/handler.go:1060.21,1062.3 1 0
digital.vasic.translator/pkg/api/handler.go:1064.2,1065.16 2 0
digital.vasic.translator/pkg/api/handler.go:1065.16,1068.3 2 0
digital.vasic.translator/pkg/api/handler.go:1070.2,1073.4 1 0
digital.vasic.translator/pkg/api/handler.go:1077.48,1080.16 2 1
digital.vasic.translator/pkg/api/handler.go:1080.16,1083.3 2 1
digital.vasic.translator/pkg/api/handler.go:1086.2,1087.19 2 0
digital.vasic.translator/pkg/api/handler.go:1087.19,1090.3 2 0
digital.vasic.translator/pkg/api/handler.go:1093.2,1094.53 2 0
digital.vasic.translator/pkg/api/handler.go:1094.53,1097.3 2 0
digital.vasic.translator/pkg/api/handler.go:1099.2,1100.61 2 0
digital.vasic.translator/pkg/api/handler.go:1100.61,1103.3 2 0
digital.vasic.translator/pkg/api/handler.go:1105.2,1109.4 1 0
digital.vasic.translator/pkg/api/handler.go:1113.47,1116.19 2 1
digital.vasic.translator/pkg/api/handler.go:1116.19,1119.3 2 1
digital.vasic.translator/pkg/api/handler.go:1124.2,1127.55 2 0
digital.vasic.translator/pkg/api/handler.go:1127.55,1130.3 2 0
digital.vasic.translator/pkg/api/handler.go:1134.2,1134.55 1 0
digital.vasic.translator/pkg/api/handler.go:1134.55,1137.3 2 0
digital.vasic.translator/pkg/api/handler.go:1139.2,1142.4 1 0
digital.vasic.translator/pkg/api/handler.go:1146.50,1149.92 2 0
digital.vasic.translator/pkg/api/handler.go:1149.92,1151.3 1 0
digital.vasic.translator/pkg/api/handler.go:1154.2,1155.54 2 0
digital.vasic.translator/pkg/api/handler.go:1155.54,1157.3 1 0
digital.vasic.translator/pkg/api/handler.go:1159.2,1159.83 1 0
digital.vasic.translator/pkg/api/handler.go:1159.83,1161.3 1 0
digital.vasic.translator/pkg/api/handler.go:1164.2,1165.54 2 0
digital.vasic.translator/pkg/api/handler.go:1165.54,1167.3 1 0
digital.vasic.translator/pkg/api/handler.go:1170.2,1170.91 1 0
digital.vasic.translator/pkg/api/handler.go:1170.91,1172.3 1 0
digital.vasic.translator/pkg/api/handler.go:1175.2,1175.89 1 0
digital.vasic.translator/pkg/api/handler.go:1175.89,1177.3 1 0
digital.vasic.translator/pkg/api/handler.go:1180.2,1182.12 2 0
digital.vasic.translator/pkg/api/handler.go:1186.50,1187.33 1 1
digital.vasic.translator/pkg/api/handler.go:1187.33,1190.3 2 1
digital.vasic.translator/pkg/api/handler.go:1192.2,1193.9 2 0
digital.vasic.translator/pkg/api/handler.go:1193.9,1196.3 2 0
digital.vasic.translator/pkg/api/handler.go:1199.2,1200.20 2 0
digital.vasic.translator/pkg/api/handler.go:1200.20,1202.3 1 0
digital.vasic.translator/pkg/api/handler.go:1203.2,1203.20 1 0
digital.vasic.translator/pkg/api/handler.go:1203.20,1206.3 2 0
digital.vasic.translator/pkg/api/handler.go:1208.2,1213.19 4 0
digital.vasic.translator/pkg/api/handler.go:1213.19,1216.3 2 0
digital.vasic.translator/pkg/api/handler.go:1219.2,1219.55 1 0
digital.vasic.translator/pkg/api/handler.go:1219.55,1222.3 2 0
digital.vasic.translator/pkg/api/handler.go:1224.2,1227.4 1 0
digital.vasic.translator/pkg/api/handler.go:1233.53,1234.33 1 1
digital.vasic.translator/pkg/api/handler.go:1234.33,1237.3 2 1
digital.vasic.translator/pkg/api/handler.go:1239.2,1240.9 2 0
digital.vasic.translator/pkg/api/handler.go:1240.9,1243.3 2 0
digital.vasic.translator/pkg/api/handler.go:1245.2,1246.32 2 0
digital.vasic.translator/pkg/api/handler.go:1250.52,1251.33 1 1
digital.vasic.translator/pkg/api/handler.go:1251.33,1254.3 2 1
digital.vasic.translator/pkg/api/handler.go:1256.2,1257.9 2 0
digital.vasic.translator/pkg/api/handler.go:1257.9,1260.3 2 0
digital.vasic.translator/pkg/api/handler.go:1262.2,1266.20 3 0
digital.vasic.translator/pkg/api/handler.go:1266.20,1268.32 2 0
digital.vasic.translator/pkg/api/handler.go:1268.32,1269.34 1 0
digital.vasic.translator/pkg/api/handler.go:1269.34,1271.5 1 0
digital.vasic.translator/pkg/api/handler.go:1273.3,1273.20 1 0
digital.vasic.translator/pkg/api/handler.go:1276.2,1279.4 1 0
digital.vasic.translator/pkg/api/handler.go:1283.52,1284.33 1 1
digital.vasic.translator/pkg/api/handler.go:1284.33,1287.3 2 1
digital.vasic.translator/pkg/api/handler.go:1289.2,1290.9 2 0
digital.vasic.translator/pkg/api/handler.go:1290.9,1293.3 2 0
digital.vasic.translator/pkg/api/handler.go:1295.2,1296.31 2 0
digital.vasic.translator/pkg/api/handler.go:1300.55,1301.33 1 1
digital.vasic.translator/pkg/api/handler.go:1301.33,1304.3 2 1
digital.vasic.translator/pkg/api/handler.go:1306.2,1307.9 2 0
digital.vasic.translator/pkg/api/handler.go:1307.9,1310.3 2 0
digital.vasic.translator/pkg/api/handler.go:1313.2,1320.69 6 0
digital.vasic.translator/pkg/api/handler.go:1320.69,1321.49 1 0
digital.vasic.translator/pkg/api/handler.go:1321.49,1333.4 1 0
digital.vasic.translator/pkg/api/handler.go:1337.2,1342.33 5 0
digital.vasic.translator/pkg/api/handler.go:1342.33,1344.17 2 0
digital.vasic.translator/pkg/api/handler.go:1345.17,1346.21 1 0
digital.vasic.translator/pkg/api/handler.go:1347.19,1348.21 1 0
digital.vasic.translator/pkg/api/handler.go:1349.11,1350.22 1 0
digital.vasic.translator/pkg/api/handler.go:1354.2,1372.34 2 0
digital.vasic.translator/pkg/api/handler.go:1376.60,1377.33 1 1
digital.vasic.translator/pkg/api/handler.go:1377.33,1380.3 2 1
digital.vasic.translator/pkg/api/handler.go:1382.2,1383.9 2 0
digital.vasic.translator/pkg/api/handler.go:1383.9,1386.3 2 0
digital.vasic.translator/pkg/api/handler.go:1388.2,1397.4 4 0
digital.vasic.translator/pkg/api/handler.go:1401.51,1402.33 1 1
digital.vasic.translator/pkg/api/handler.go:1402.33,1405.3 2 1
digital.vasic.translator/pkg/api/handler.go:1407.2,1408.9 2 0
digital.vasic.translator/pkg/api/handler.go:1408.9,1411.3 2 0
digital.vasic.translator/pkg/api/handler.go:1413.2,1415.20 3 0
digital.vasic.translator/pkg/api/handler.go:1415.20,1416.60 1 0
digital.vasic.translator/pkg/api/handler.go:1416.60,1418.4 1 0
digital.vasic.translator/pkg/api/handler.go:1421.2,1427.4 2 0
digital.vasic.translator/pkg/api/handler.go:1431.52,1432.33 1 1
digital.vasic.translator/pkg/api/handler.go:1432.33,1435.3 2 1
digital.vasic.translator/pkg/api/handler.go:1437.2,1438.19 2 0
digital.vasic.translator/pkg/api/handler.go:1438.19,1441.3 2 0
digital.vasic.translator/pkg/api/handler.go:1443.2,1447.47 2 0
digital.vasic.translator/pkg/api/handler.go:1447.47,1450.3 2 0
digital.vasic.translator/pkg/api/handler.go:1452.2,1453.9 2 0
digital.vasic.translator/pkg/api/handler.go:1453.9,1456.3 2 0
digital.vasic.translator/pkg/api/handler.go:1458.2,1458.85 1 0
digital.vasic.translator/pkg/api/handler.go:1458.85,1461.3 2 0
digital.vasic.translator/pkg/api/handler.go:1463.2,1466.4 1 0
digital.vasic.translator/pkg/api/handler.go:1470.56,1471.33 1 1
digital.vasic.translator/pkg/api/handler.go:1471.33,1474.3 2 1
digital.vasic.translator/pkg/api/handler.go:1476.2,1485.47 2 0
digital.vasic.translator/pkg/api/handler.go:1485.47,1488.3 2 0
digital.vasic.translator/pkg/api/handler.go:1490.2,1500.9 3 0
digital.vasic.translator/pkg/api/handler.go:1500.9,1503.3 2 0
digital.vasic.translator/pkg/api/handler.go:1505.2,1511.4 2 0
digital.vasic.translator/pkg/api/handler.go:1515.58,1516.33 1 1
digital.vasic.translator/pkg/api/handler.go:1516.33,1519.3 2 1
digital.vasic.translator/pkg/api/handler.go:1521.2,1527.47 2 0
digital.vasic.translator/pkg/api/handler.go:1527.47,1530.3 2 0
digital.vasic.translator/pkg/api/handler.go:1532.2,1532.22 1 0
digital.vasic.translator/pkg/api/handler.go:1532.22,1534.3 1 0
digital.vasic.translator/pkg/api/handler.go:1536.2,1543.9 3 0
digital.vasic.translator/pkg/api/handler.go:1543.9,1546.3 2 0
digital.vasic.translator/pkg/api/handler.go:1548.2,1555.4 2 0
digital.vasic.translator/pkg/api/handler.go:1559.56,1560.33 1 1
digital.vasic.translator/pkg/api/handler.go:1560.33,1563.3 2 1
digital.vasic.translator/pkg/api/handler.go:1565.2,1571.47 2 0
digital.vasic.translator/pkg/api/handler.go:1571.47,1574.3 2 0
digital.vasic.translator/pkg/api/handler.go:1576.2,1576.24 1 0
digital.vasic.translator/pkg/api/handler.go:1576.24,1578.3 1 0
digital.vasic.translator/pkg/api/handler.go:1580.2,1587.9 3 0
digital.vasic.translator/pkg/api/handler.go:1587.9,1590.3 2 0
digital.vasic.translator/pkg/api/handler.go:1592.2,1599.4 2 0
digital.vasic.translator/pkg/api/handler.go:1603.50,1608.16 3 0
digital.vasic.translator/pkg/api/handler.go:1608.16,1611.3 1 0
digital.vasic.translator/pkg/api/handler.go:1613.2,1614.46 2 0
digital.vasic.translator/pkg/api/handler.go:1618.53,1691.2 1 0
digital.vasic.translator/pkg/api/handler.go:1694.49,1748.2 2 1
digital.vasic.translator/pkg/api/handler.go:1751.62,1760.47 2 1
digital.vasic.translator/pkg/api/handler.go:1760.47,1763.3 2 1
digital.vasic.translator/pkg/api/handler.go:1765.2,1769.16 3 1
digital.vasic.translator/pkg/api/handler.go:1769.16,1771.3 1 1
digital.vasic.translator/pkg/api/handler.go:1774.2,1774.30 1 1
digital.vasic.translator/pkg/api/handler.go:1774.30,1776.17 2 0
digital.vasic.translator/pkg/api/handler.go:1776.17,1778.4 1 0
digital.vasic.translator/pkg/api/handler.go:1782.2,1783.20 2 1
digital.vasic.translator/pkg/api/handler.go:1783.20,1785.21 2 1
digital.vasic.translator/pkg/api/handler.go:1785.21,1787.4 1 0
digital.vasic.translator/pkg/api/handler.go:1790.2,1792.35 3 1
digital.vasic.translator/pkg/api/handler.go:1792.35,1793.20 1 1
digital.vasic.translator/pkg/api/handler.go:1793.20,1795.9 2 1
digital.vasic.translator/pkg/api/handler.go:1799.2,1799.22 1 1
digital.vasic.translator/pkg/api/handler.go:1799.22,1801.3 1 1
digital.vasic.translator/pkg/api/handler.go:1804.2,1804.24 1 1
digital.vasic.translator/pkg/api/handler.go:1804.24,1806.3 1 0
digital.vasic.translator/pkg/api/handler.go:1806.8,1806.35 1 1
digital.vasic.translator/pkg/api/handler.go:1806.35,1808.3 1 0
digital.vasic.translator/pkg/api/handler.go:1811.2,1811.31 1 1
digital.vasic.translator/pkg/api/handler.go:1811.31,1817.3 2 1
digital.vasic.translator/pkg/api/handler.go:1819.2,1823.4 1 1
digital.vasic.translator/pkg/api/handler.go:1827.55,1835.47 2 1
digital.vasic.translator/pkg/api/handler.go:1835.47,1838.3 2 1
digital.vasic.translator/pkg/api/handler.go:1841.2,1845.16 3 1
digital.vasic.translator/pkg/api/handler.go:1845.16,1848.3 2 1
digital.vasic.translator/pkg/api/handler.go:1851.2,1851.58 1 1
digital.vasic.translator/pkg/api/handler.go:1851.58,1854.3 2 1
digital.vasic.translator/pkg/api/handler.go:1857.2,1867.29 3 1
digital.vasic.translator/pkg/api/handler.go:1867.29,1869.3 1 1
digital.vasic.translator/pkg/api/handler.go:1870.2,1879.16 3 1
digital.vasic.translator/pkg/api/handler.go:1879.16,1882.3 2 0
digital.vasic.translator/pkg/api/handler.go:1884.2,1888.22 4 1
digital.vasic.translator/pkg/api/handler.go:1888.22,1891.85 2 1
digital.vasic.translator/pkg/api/handler.go:1891.85,1892.35 1 1
digital.vasic.translator/pkg/api/handler.go:1892.35,1894.5 1 1
digital.vasic.translator/pkg/api/handler.go:1895.4,1895.14 1 1
digital.vasic.translator/pkg/api/handler.go:1897.3,1897.37 1 1
digital.vasic.translator/pkg/api/handler.go:1900.2,1904.29 3 1
digital.vasic.translator/pkg/api/handler.go:1904.29,1906.3 1 1
digital.vasic.translator/pkg/api/handler.go:1907.2,1918.4 2 1
digital.vasic.translator/pkg/api/handler.go:1922.56,1925.21 2 1
digital.vasic.translator/pkg/api/handler.go:1925.21,1928.3 2 0
digital.vasic.translator/pkg/api/handler.go:1932.2,1945.31 2 1
digital.vasic.translator/pkg/api/handler.go:1949.50,1960.47 2 1
digital.vasic.translator/pkg/api/handler.go:1960.47,1963.3 2 1
digital.vasic.translator/pkg/api/handler.go:1966.2,1970.16 3 1
digital.vasic.translator/pkg/api/handler.go:1970.16,1973.3 2 1
digital.vasic.translator/pkg/api/handler.go:1976.2,1976.58 1 1
digital.vasic.translator/pkg/api/handler.go:1976.58,1979.3 2 1
digital.vasic.translator/pkg/api/handler.go:1982.2,1982.22 1 1
digital.vasic.translator/pkg/api/handler.go:1982.22,1984.14 2 1
digital.vasic.translator/pkg/api/handler.go:1985.16,1986.23 1 1
digital.vasic.translator/pkg/api/handler.go:1987.15,1988.22 1 0
digital.vasic.translator/pkg/api/handler.go:1989.16,1990.23 1 0
digital.vasic.translator/pkg/api/handler.go:1991.15,1992.22 1 0
digital.vasic.translator/pkg/api/handler.go:1993.16,1994.23 1 0
digital.vasic.translator/pkg/api/handler.go:1995.11,1997.10 2 0
digital.vasic.translator/pkg/api/handler.go:2002.2,2002.26 1 1
digital.vasic.translator/pkg/api/handler.go:2002.26,2006.3 3 1
digital.vasic.translator/pkg/api/handler.go:2009.2,2030.4 2 1
digital.vasic.translator/pkg/api/handler.go:2034.53,2037.21 2 1
digital.vasic.translator/pkg/api/handler.go:2037.21,2040.3 2 0
digital.vasic.translator/pkg/api/handler.go:2043.2,2057.4 2 1
digital.vasic.translator/pkg/api/server.go:42.45,53.26 5 1
digital.vasic.translator/pkg/api/server.go:53.26,54.80 1 1
digital.vasic.translator/pkg/api/server.go:54.80,63.4 2 1
digital.vasic.translator/pkg/api/server.go:67.2,67.28 1 1
digital.vasic.translator/pkg/api/server.go:67.28,69.3 1 1
digital.vasic.translator/pkg/api/server.go:72.2,74.15 2 1
digital.vasic.translator/pkg/api/server.go:78.42,80.2 1 1
digital.vasic.translator/pkg/api/server.go:83.51,90.2 2 1
digital.vasic.translator/pkg/api/server.go:93.50,97.2 1 1
digital.vasic.translator/pkg/api/server.go:100.57,102.2 1 1
digital.vasic.translator/pkg/api/server.go:105.51,106.30 1 1
digital.vasic.translator/pkg/api/server.go:106.30,107.65 1 1
digital.vasic.translator/pkg/api/server.go:107.65,110.4 2 1
digital.vasic.translator/pkg/api/server.go:112.3,113.19 2 1
digital.vasic.translator/pkg/api/server.go:113.19,117.4 3 1
digital.vasic.translator/pkg/api/server.go:119.3,119.41 1 1
digital.vasic.translator/pkg/api/server.go:119.41,123.4 3 1
digital.vasic.translator/pkg/api/server.go:125.3,125.11 1 1
digital.vasic.translator/pkg/api/server.go:130.35,136.2 3 1
digital.vasic.translator/pkg/api/server.go:136.2,142.3 5 1
digital.vasic.translator/pkg/api/server.go:146.46,149.31 1 1
digital.vasic.translator/pkg/api/server.go:149.31,150.27 1 1
digital.vasic.translator/pkg/api/server.go:150.27,152.5 1 1
digital.vasic.translator/pkg/api/server.go:153.4,153.17 1 1
digital.vasic.translator/pkg/api/server.go:158.51,165.47 2 1
digital.vasic.translator/pkg/api/server.go:165.47,168.3 2 1
digital.vasic.translator/pkg/api/server.go:170.2,170.25 1 1
digital.vasic.translator/pkg/api/server.go:170.25,173.3 2 0
digital.vasic.translator/pkg/api/server.go:176.2,178.16 3 1
digital.vasic.translator/pkg/api/server.go:178.16,181.3 2 1
digital.vasic.translator/pkg/api/server.go:183.2,187.4 1 1
digital.vasic.translator/pkg/api/server.go:190.51,197.2 1 1
digital.vasic.translator/pkg/api/server.go:199.47,204.2 1 1
digital.vasic.translator/pkg/api/server.go:206.48,209.2 1 1
digital.vasic.translator/pkg/api/server.go:211.47,214.2 1 1
