mode: set
digital.vasic.translator/cmd/cli/main.go:24.13,78.17 29 1
digital.vasic.translator/cmd/cli/main.go:78.17,81.3 2 1
digital.vasic.translator/cmd/cli/main.go:84.2,84.74 1 0
digital.vasic.translator/cmd/cli/main.go:84.74,87.3 2 0
digital.vasic.translator/cmd/cli/main.go:90.2,90.18 1 0
digital.vasic.translator/cmd/cli/main.go:90.18,93.17 3 0
digital.vasic.translator/cmd/cli/main.go:93.17,96.4 2 0
digital.vasic.translator/cmd/cli/main.go:97.3,98.13 2 0
digital.vasic.translator/cmd/cli/main.go:102.2,102.24 1 0
digital.vasic.translator/cmd/cli/main.go:102.24,103.56 1 0
digital.vasic.translator/cmd/cli/main.go:103.56,106.4 2 0
digital.vasic.translator/cmd/cli/main.go:107.3,108.13 2 0
digital.vasic.translator/cmd/cli/main.go:112.2,115.18 3 0
digital.vasic.translator/cmd/cli/main.go:115.18,117.17 2 0
digital.vasic.translator/cmd/cli/main.go:117.17,121.4 3 0
digital.vasic.translator/cmd/cli/main.go:122.8,122.33 1 0
digital.vasic.translator/cmd/cli/main.go:122.33,124.17 2 0
digital.vasic.translator/cmd/cli/main.go:124.17,128.4 3 0
digital.vasic.translator/cmd/cli/main.go:129.8,132.3 1 0
digital.vasic.translator/cmd/cli/main.go:135.2,136.26 2 0
digital.vasic.translator/cmd/cli/main.go:136.26,138.17 2 0
digital.vasic.translator/cmd/cli/main.go:138.17,141.4 2 0
digital.vasic.translator/cmd/cli/main.go:145.2,145.18 1 0
digital.vasic.translator/cmd/cli/main.go:145.18,147.3 1 0
digital.vasic.translator/cmd/cli/main.go:150.2,151.22 2 0
digital.vasic.translator/cmd/cli/main.go:151.22,154.17 3 0
digital.vasic.translator/cmd/cli/main.go:154.17,157.4 2 0
digital.vasic.translator/cmd/cli/main.go:158.3,158.60 1 0
digital.vasic.translator/cmd/cli/main.go:162.2,165.49 2 0
digital.vasic.translator/cmd/cli/main.go:165.49,167.3 1 0
digital.vasic.translator/cmd/cli/main.go:170.2,175.16 5 0
digital.vasic.translator/cmd/cli/main.go:175.16,178.3 2 0
digital.vasic.translator/cmd/cli/main.go:180.2,185.16 4 0
digital.vasic.translator/cmd/cli/main.go:185.16,188.25 3 0
digital.vasic.translator/cmd/cli/main.go:188.25,190.4 1 0
digital.vasic.translator/cmd/cli/main.go:192.3,193.17 2 0
digital.vasic.translator/cmd/cli/main.go:193.17,196.4 2 0
digital.vasic.translator/cmd/cli/main.go:198.3,199.13 2 0
digital.vasic.translator/cmd/cli/main.go:202.2,205.22 2 0
digital.vasic.translator/cmd/cli/main.go:205.22,207.3 1 0
digital.vasic.translator/cmd/cli/main.go:210.2,225.16 1 0
digital.vasic.translator/cmd/cli/main.go:225.16,228.3 2 0
digital.vasic.translator/cmd/cli/main.go:230.2,232.49 3 0
digital.vasic.translator/cmd/cli/main.go:242.9,246.22 2 0
digital.vasic.translator/cmd/cli/main.go:246.22,250.78 2 0
digital.vasic.translator/cmd/cli/main.go:250.78,252.4 1 0
digital.vasic.translator/cmd/cli/main.go:253.3,253.62 1 0
digital.vasic.translator/cmd/cli/main.go:253.62,255.4 1 0
digital.vasic.translator/cmd/cli/main.go:258.3,258.78 1 0
digital.vasic.translator/cmd/cli/main.go:258.78,259.51 1 0
digital.vasic.translator/cmd/cli/main.go:259.51,261.5 1 0
digital.vasic.translator/cmd/cli/main.go:262.4,262.53 1 0
digital.vasic.translator/cmd/cli/main.go:262.53,264.5 1 0
digital.vasic.translator/cmd/cli/main.go:265.4,265.49 1 0
digital.vasic.translator/cmd/cli/main.go:265.49,267.5 1 0
digital.vasic.translator/cmd/cli/main.go:272.2,287.88 5 0
digital.vasic.translator/cmd/cli/main.go:287.88,289.89 1 0
digital.vasic.translator/cmd/cli/main.go:289.89,292.4 2 0
digital.vasic.translator/cmd/cli/main.go:294.3,295.22 2 0
digital.vasic.translator/cmd/cli/main.go:295.22,298.4 2 0
digital.vasic.translator/cmd/cli/main.go:298.9,298.74 1 0
digital.vasic.translator/cmd/cli/main.go:298.74,301.4 1 0
digital.vasic.translator/cmd/cli/main.go:306.2,306.18 1 0
digital.vasic.translator/cmd/cli/main.go:306.18,308.17 2 0
digital.vasic.translator/cmd/cli/main.go:308.17,310.4 1 0
digital.vasic.translator/cmd/cli/main.go:311.3,311.58 1 0
digital.vasic.translator/cmd/cli/main.go:315.2,316.18 2 0
digital.vasic.translator/cmd/cli/main.go:316.18,318.3 1 0
digital.vasic.translator/cmd/cli/main.go:319.2,330.85 3 0
digital.vasic.translator/cmd/cli/main.go:330.85,332.3 1 0
digital.vasic.translator/cmd/cli/main.go:335.2,335.54 1 0
digital.vasic.translator/cmd/cli/main.go:335.54,339.3 3 0
digital.vasic.translator/cmd/cli/main.go:342.2,345.19 3 0
digital.vasic.translator/cmd/cli/main.go:346.25,348.56 2 0
digital.vasic.translator/cmd/cli/main.go:348.56,350.4 1 0
digital.vasic.translator/cmd/cli/main.go:352.24,355.61 1 0
digital.vasic.translator/cmd/cli/main.go:357.24,359.55 1 0
digital.vasic.translator/cmd/cli/main.go:359.55,361.4 1 0
digital.vasic.translator/cmd/cli/main.go:363.10,364.67 1 0
digital.vasic.translator/cmd/cli/main.go:368.2,375.12 7 0
digital.vasic.translator/cmd/cli/main.go:378.72,383.39 3 1
digital.vasic.translator/cmd/cli/main.go:383.39,385.3 1 1
digital.vasic.translator/cmd/cli/main.go:388.2,388.31 1 1
digital.vasic.translator/cmd/cli/main.go:388.31,390.3 1 1
digital.vasic.translator/cmd/cli/main.go:393.81,396.34 2 1
digital.vasic.translator/cmd/cli/main.go:396.34,398.3 1 1
digital.vasic.translator/cmd/cli/main.go:401.81,405.37 3 1
digital.vasic.translator/cmd/cli/main.go:405.37,407.3 1 0
digital.vasic.translator/cmd/cli/main.go:410.59,412.16 2 1
digital.vasic.translator/cmd/cli/main.go:412.16,414.3 1 0
digital.vasic.translator/cmd/cli/main.go:415.2,419.12 4 1
digital.vasic.translator/cmd/cli/main.go:422.47,431.45 2 1
digital.vasic.translator/cmd/cli/main.go:431.45,433.3 1 1
digital.vasic.translator/cmd/cli/main.go:435.2,435.11 1 1
digital.vasic.translator/cmd/cli/main.go:438.80,445.2 4 1
digital.vasic.translator/cmd/cli/main.go:447.46,459.2 2 1
digital.vasic.translator/cmd/cli/main.go:461.43,464.29 3 1
digital.vasic.translator/cmd/cli/main.go:464.29,466.3 1 1
digital.vasic.translator/cmd/cli/main.go:467.2,467.34 1 1
digital.vasic.translator/cmd/cli/main.go:470.18,546.2 1 1
