mode: set
digital.vasic.translator/pkg/hardware/detector.go:27.30,29.2 1 1
digital.vasic.translator/pkg/hardware/detector.go:32.52,41.16 4 1
digital.vasic.translator/pkg/hardware/detector.go:41.16,43.3 1 0
digital.vasic.translator/pkg/hardware/detector.go:45.2,46.16 2 1
digital.vasic.translator/pkg/hardware/detector.go:46.16,49.3 1 0
digital.vasic.translator/pkg/hardware/detector.go:52.2,53.16 2 1
digital.vasic.translator/pkg/hardware/detector.go:53.16,55.3 1 0
digital.vasic.translator/pkg/hardware/detector.go:57.2,58.16 2 1
digital.vasic.translator/pkg/hardware/detector.go:58.16,60.3 1 0
digital.vasic.translator/pkg/hardware/detector.go:63.2,68.18 3 1
digital.vasic.translator/pkg/hardware/detector.go:72.50,73.22 1 1
digital.vasic.translator/pkg/hardware/detector.go:74.16,75.25 1 1
digital.vasic.translator/pkg/hardware/detector.go:76.15,77.25 1 0
digital.vasic.translator/pkg/hardware/detector.go:78.17,79.27 1 0
digital.vasic.translator/pkg/hardware/detector.go:80.10,81.73 1 0
digital.vasic.translator/pkg/hardware/detector.go:86.50,89.16 3 1
digital.vasic.translator/pkg/hardware/detector.go:89.16,91.3 1 0
digital.vasic.translator/pkg/hardware/detector.go:93.2,94.16 2 1
digital.vasic.translator/pkg/hardware/detector.go:94.16,96.3 1 0
digital.vasic.translator/pkg/hardware/detector.go:98.2,98.22 1 1
digital.vasic.translator/pkg/hardware/detector.go:102.50,105.16 3 1
digital.vasic.translator/pkg/hardware/detector.go:105.16,107.3 1 1
digital.vasic.translator/pkg/hardware/detector.go:110.2,111.20 2 0
digital.vasic.translator/pkg/hardware/detector.go:111.20,113.3 1 0
digital.vasic.translator/pkg/hardware/detector.go:115.2,116.16 2 0
digital.vasic.translator/pkg/hardware/detector.go:116.16,118.3 1 0
digital.vasic.translator/pkg/hardware/detector.go:120.2,120.26 1 0
digital.vasic.translator/pkg/hardware/detector.go:124.52,127.16 3 1
digital.vasic.translator/pkg/hardware/detector.go:127.16,129.3 1 1
digital.vasic.translator/pkg/hardware/detector.go:131.2,132.20 2 0
digital.vasic.translator/pkg/hardware/detector.go:132.20,134.3 1 0
digital.vasic.translator/pkg/hardware/detector.go:136.2,137.16 2 0
digital.vasic.translator/pkg/hardware/detector.go:137.16,139.3 1 0
digital.vasic.translator/pkg/hardware/detector.go:141.2,141.22 1 0
digital.vasic.translator/pkg/hardware/detector.go:145.54,146.22 1 1
digital.vasic.translator/pkg/hardware/detector.go:147.16,151.17 3 1
digital.vasic.translator/pkg/hardware/detector.go:151.17,153.4 1 0
digital.vasic.translator/pkg/hardware/detector.go:156.3,160.30 4 1
digital.vasic.translator/pkg/hardware/detector.go:160.30,161.45 1 1
digital.vasic.translator/pkg/hardware/detector.go:161.45,163.24 2 1
digital.vasic.translator/pkg/hardware/detector.go:163.24,166.6 2 1
digital.vasic.translator/pkg/hardware/detector.go:167.10,167.56 1 1
digital.vasic.translator/pkg/hardware/detector.go:167.56,169.24 2 1
digital.vasic.translator/pkg/hardware/detector.go:169.24,172.6 2 1
digital.vasic.translator/pkg/hardware/detector.go:173.10,173.59 1 1
digital.vasic.translator/pkg/hardware/detector.go:173.59,175.24 2 1
digital.vasic.translator/pkg/hardware/detector.go:175.24,178.6 2 1
digital.vasic.translator/pkg/hardware/detector.go:179.10,179.53 1 1
digital.vasic.translator/pkg/hardware/detector.go:179.53,181.32 2 1
digital.vasic.translator/pkg/hardware/detector.go:181.32,182.42 1 1
digital.vasic.translator/pkg/hardware/detector.go:182.42,184.12 2 1
digital.vasic.translator/pkg/hardware/detector.go:191.3,192.45 2 1
digital.vasic.translator/pkg/hardware/detector.go:194.15,197.17 3 0
digital.vasic.translator/pkg/hardware/detector.go:197.17,199.4 1 0
digital.vasic.translator/pkg/hardware/detector.go:201.3,202.21 2 0
digital.vasic.translator/pkg/hardware/detector.go:202.21,204.4 1 0
digital.vasic.translator/pkg/hardware/detector.go:206.3,207.17 2 0
digital.vasic.translator/pkg/hardware/detector.go:207.17,209.4 1 0
digital.vasic.translator/pkg/hardware/detector.go:211.3,211.29 1 0
digital.vasic.translator/pkg/hardware/detector.go:213.17,218.17 3 0
digital.vasic.translator/pkg/hardware/detector.go:218.17,220.4 1 0
digital.vasic.translator/pkg/hardware/detector.go:222.3,223.17 2 0
digital.vasic.translator/pkg/hardware/detector.go:223.17,225.4 1 0
digital.vasic.translator/pkg/hardware/detector.go:227.3,227.25 1 0
digital.vasic.translator/pkg/hardware/detector.go:229.51,233.17 3 0
digital.vasic.translator/pkg/hardware/detector.go:233.17,235.4 1 0
digital.vasic.translator/pkg/hardware/detector.go:238.3,239.21 2 0
digital.vasic.translator/pkg/hardware/detector.go:239.21,241.4 1 0
digital.vasic.translator/pkg/hardware/detector.go:243.3,244.17 2 0
digital.vasic.translator/pkg/hardware/detector.go:244.17,246.4 1 0
digital.vasic.translator/pkg/hardware/detector.go:249.3,249.46 1 0
digital.vasic.translator/pkg/hardware/detector.go:251.10,252.63 1 0
digital.vasic.translator/pkg/hardware/detector.go:257.50,258.22 1 1
digital.vasic.translator/pkg/hardware/detector.go:259.16,262.17 3 1
digital.vasic.translator/pkg/hardware/detector.go:262.17,264.4 1 0
digital.vasic.translator/pkg/hardware/detector.go:265.3,265.48 1 1
digital.vasic.translator/pkg/hardware/detector.go:267.15,270.17 3 0
digital.vasic.translator/pkg/hardware/detector.go:270.17,272.4 1 0
digital.vasic.translator/pkg/hardware/detector.go:273.3,274.21 2 0
digital.vasic.translator/pkg/hardware/detector.go:274.21,276.4 1 0
digital.vasic.translator/pkg/hardware/detector.go:277.3,277.42 1 0
digital.vasic.translator/pkg/hardware/detector.go:279.17,284.17 3 0
digital.vasic.translator/pkg/hardware/detector.go:284.17,286.4 1 0
digital.vasic.translator/pkg/hardware/detector.go:287.3,287.48 1 0
digital.vasic.translator/pkg/hardware/detector.go:289.51,293.17 3 0
digital.vasic.translator/pkg/hardware/detector.go:293.17,295.4 1 0
digital.vasic.translator/pkg/hardware/detector.go:298.3,299.21 2 0
digital.vasic.translator/pkg/hardware/detector.go:299.21,301.4 1 0
digital.vasic.translator/pkg/hardware/detector.go:303.3,303.42 1 0
digital.vasic.translator/pkg/hardware/detector.go:305.10,306.64 1 0
digital.vasic.translator/pkg/hardware/detector.go:311.47,312.22 1 1
digital.vasic.translator/pkg/hardware/detector.go:313.16,316.17 3 1
digital.vasic.translator/pkg/hardware/detector.go:316.17,318.4 1 0
digital.vasic.translator/pkg/hardware/detector.go:319.3,320.17 2 1
digital.vasic.translator/pkg/hardware/detector.go:320.17,322.4 1 0
digital.vasic.translator/pkg/hardware/detector.go:323.3,323.20 1 1
digital.vasic.translator/pkg/hardware/detector.go:325.15,328.17 3 0
digital.vasic.translator/pkg/hardware/detector.go:328.17,330.4 1 0
digital.vasic.translator/pkg/hardware/detector.go:332.3,332.60 1 0
digital.vasic.translator/pkg/hardware/detector.go:332.60,333.53 1 0
digital.vasic.translator/pkg/hardware/detector.go:333.53,335.24 2 0
digital.vasic.translator/pkg/hardware/detector.go:335.24,337.20 2 0
digital.vasic.translator/pkg/hardware/detector.go:337.20,339.7 1 0
digital.vasic.translator/pkg/hardware/detector.go:343.3,343.53 1 0
digital.vasic.translator/pkg/hardware/detector.go:345.17,350.17 3 0
digital.vasic.translator/pkg/hardware/detector.go:350.17,352.4 1 0
digital.vasic.translator/pkg/hardware/detector.go:353.3,354.17 2 0
digital.vasic.translator/pkg/hardware/detector.go:354.17,356.4 1 0
digital.vasic.translator/pkg/hardware/detector.go:357.3,357.20 1 0
digital.vasic.translator/pkg/hardware/detector.go:359.51,363.17 3 0
digital.vasic.translator/pkg/hardware/detector.go:363.17,365.4 1 0
digital.vasic.translator/pkg/hardware/detector.go:368.3,369.21 2 0
digital.vasic.translator/pkg/hardware/detector.go:369.21,371.4 1 0
digital.vasic.translator/pkg/hardware/detector.go:373.3,374.17 2 0
digital.vasic.translator/pkg/hardware/detector.go:374.17,376.4 1 0
digital.vasic.translator/pkg/hardware/detector.go:378.3,378.20 1 0
digital.vasic.translator/pkg/hardware/detector.go:380.10,381.63 1 0
digital.vasic.translator/pkg/hardware/detector.go:386.47,388.59 1 1
digital.vasic.translator/pkg/hardware/detector.go:388.59,390.3 1 1
digital.vasic.translator/pkg/hardware/detector.go:393.2,393.55 1 0
digital.vasic.translator/pkg/hardware/detector.go:393.55,395.3 1 0
digital.vasic.translator/pkg/hardware/detector.go:398.2,398.53 1 0
digital.vasic.translator/pkg/hardware/detector.go:398.53,400.3 1 0
digital.vasic.translator/pkg/hardware/detector.go:403.2,403.55 1 0
digital.vasic.translator/pkg/hardware/detector.go:403.55,405.3 1 0
digital.vasic.translator/pkg/hardware/detector.go:408.2,408.31 1 0
digital.vasic.translator/pkg/hardware/detector.go:408.31,412.35 2 0
digital.vasic.translator/pkg/hardware/detector.go:412.35,415.4 1 0
digital.vasic.translator/pkg/hardware/detector.go:418.2,418.18 1 0
digital.vasic.translator/pkg/hardware/detector.go:423.83,434.12 3 1
digital.vasic.translator/pkg/hardware/detector.go:434.12,436.3 1 1
digital.vasic.translator/pkg/hardware/detector.go:439.2,442.21 2 1
digital.vasic.translator/pkg/hardware/detector.go:442.21,444.3 1 1
digital.vasic.translator/pkg/hardware/detector.go:444.8,444.28 1 1
digital.vasic.translator/pkg/hardware/detector.go:444.28,446.3 1 1
digital.vasic.translator/pkg/hardware/detector.go:446.8,446.28 1 1
digital.vasic.translator/pkg/hardware/detector.go:446.28,448.3 1 1
digital.vasic.translator/pkg/hardware/detector.go:448.8,448.27 1 1
digital.vasic.translator/pkg/hardware/detector.go:448.27,450.3 1 1
digital.vasic.translator/pkg/hardware/detector.go:450.8,450.27 1 1
digital.vasic.translator/pkg/hardware/detector.go:450.27,452.3 1 1
digital.vasic.translator/pkg/hardware/detector.go:454.2,454.22 1 1
digital.vasic.translator/pkg/hardware/detector.go:458.40,464.14 5 1
digital.vasic.translator/pkg/hardware/detector.go:464.14,466.3 1 1
digital.vasic.translator/pkg/hardware/detector.go:468.2,478.3 1 1
digital.vasic.translator/pkg/hardware/detector.go:482.60,484.2 1 1
