mode: set
digital.vasic.translator/cmd/deployment/main.go:17.13,30.16 4 1
digital.vasic.translator/cmd/deployment/main.go:30.16,32.3 1 0
digital.vasic.translator/cmd/deployment/main.go:35.2,35.14 1 0
digital.vasic.translator/cmd/deployment/main.go:35.14,37.3 1 0
digital.vasic.translator/cmd/deployment/main.go:40.2,47.17 4 0
digital.vasic.translator/cmd/deployment/main.go:48.16,49.22 1 0
digital.vasic.translator/cmd/deployment/main.go:49.22,51.4 1 0
digital.vasic.translator/cmd/deployment/main.go:52.3,52.40 1 0
digital.vasic.translator/cmd/deployment/main.go:54.16,55.29 1 0
digital.vasic.translator/cmd/deployment/main.go:57.14,58.27 1 0
digital.vasic.translator/cmd/deployment/main.go:60.17,61.30 1 0
digital.vasic.translator/cmd/deployment/main.go:63.16,64.47 1 0
digital.vasic.translator/cmd/deployment/main.go:66.17,67.40 1 0
digital.vasic.translator/cmd/deployment/main.go:69.23,70.26 1 0
digital.vasic.translator/cmd/deployment/main.go:72.10,73.44 1 0
digital.vasic.translator/cmd/deployment/main.go:77.85,82.16 3 0
digital.vasic.translator/cmd/deployment/main.go:82.16,84.3 1 0
digital.vasic.translator/cmd/deployment/main.go:87.2,90.72 3 0
digital.vasic.translator/cmd/deployment/main.go:90.72,92.3 1 0
digital.vasic.translator/cmd/deployment/main.go:94.2,94.51 1 0
digital.vasic.translator/cmd/deployment/main.go:97.68,103.38 4 0
digital.vasic.translator/cmd/deployment/main.go:103.38,110.3 6 0
digital.vasic.translator/cmd/deployment/main.go:113.66,120.2 2 0
digital.vasic.translator/cmd/deployment/main.go:122.69,129.2 2 0
digital.vasic.translator/cmd/deployment/main.go:131.91,132.19 1 0
digital.vasic.translator/cmd/deployment/main.go:132.19,134.3 1 0
digital.vasic.translator/cmd/deployment/main.go:136.2,141.17 4 0
digital.vasic.translator/cmd/deployment/main.go:141.17,143.73 1 0
digital.vasic.translator/cmd/deployment/main.go:143.73,145.4 1 0
digital.vasic.translator/cmd/deployment/main.go:146.8,148.61 1 0
digital.vasic.translator/cmd/deployment/main.go:148.61,150.4 1 0
digital.vasic.translator/cmd/deployment/main.go:153.2,153.47 1 0
digital.vasic.translator/cmd/deployment/main.go:156.85,162.19 4 0
digital.vasic.translator/cmd/deployment/main.go:162.19,164.67 1 0
digital.vasic.translator/cmd/deployment/main.go:164.67,166.4 1 0
digital.vasic.translator/cmd/deployment/main.go:167.8,169.62 1 0
digital.vasic.translator/cmd/deployment/main.go:169.62,171.4 1 0
digital.vasic.translator/cmd/deployment/main.go:174.2,174.48 1 0
digital.vasic.translator/cmd/deployment/main.go:177.45,184.16 4 1
digital.vasic.translator/cmd/deployment/main.go:184.16,186.3 1 0
digital.vasic.translator/cmd/deployment/main.go:188.2,188.73 1 1
digital.vasic.translator/cmd/deployment/main.go:188.73,190.3 1 0
digital.vasic.translator/cmd/deployment/main.go:192.2,192.64 1 1
digital.vasic.translator/cmd/deployment/main.go:195.78,197.16 2 1
digital.vasic.translator/cmd/deployment/main.go:197.16,199.3 1 1
digital.vasic.translator/cmd/deployment/main.go:201.2,202.52 2 1
digital.vasic.translator/cmd/deployment/main.go:202.52,204.3 1 1
digital.vasic.translator/cmd/deployment/main.go:206.2,206.19 1 1
digital.vasic.translator/cmd/deployment/main.go:209.76,216.56 3 1
digital.vasic.translator/cmd/deployment/main.go:216.56,246.3 3 1
digital.vasic.translator/cmd/deployment/main.go:248.2,248.13 1 1
