mode: set
digital.vasic.translator/pkg/deployment/api_logger.go:19.81,21.16 2 1
digital.vasic.translator/pkg/deployment/api_logger.go:21.16,23.3 1 1
digital.vasic.translator/pkg/deployment/api_logger.go:25.2,30.8 2 1
digital.vasic.translator/pkg/deployment/api_logger.go:34.90,41.30 4 1
digital.vasic.translator/pkg/deployment/api_logger.go:41.30,45.31 3 1
digital.vasic.translator/pkg/deployment/api_logger.go:45.31,47.4 1 1
digital.vasic.translator/pkg/deployment/api_logger.go:48.3,55.13 1 1
digital.vasic.translator/pkg/deployment/api_logger.go:56.8,61.32 4 1
digital.vasic.translator/pkg/deployment/api_logger.go:61.32,63.4 1 1
digital.vasic.translator/pkg/deployment/api_logger.go:64.3,78.27 3 1
digital.vasic.translator/pkg/deployment/api_logger.go:78.27,80.4 1 0
digital.vasic.translator/pkg/deployment/api_logger.go:83.2,84.12 2 1
digital.vasic.translator/pkg/deployment/api_logger.go:88.177,101.12 2 1
digital.vasic.translator/pkg/deployment/api_logger.go:101.12,102.53 1 1
digital.vasic.translator/pkg/deployment/api_logger.go:102.53,104.4 1 0
digital.vasic.translator/pkg/deployment/api_logger.go:107.2,107.14 1 1
digital.vasic.translator/pkg/deployment/api_logger.go:111.147,117.16 5 1
digital.vasic.translator/pkg/deployment/api_logger.go:117.16,119.3 1 0
digital.vasic.translator/pkg/deployment/api_logger.go:122.2,122.12 1 1
digital.vasic.translator/pkg/deployment/api_logger.go:122.12,123.59 1 1
digital.vasic.translator/pkg/deployment/api_logger.go:123.59,125.4 1 0
digital.vasic.translator/pkg/deployment/api_logger.go:130.87,137.2 3 0
digital.vasic.translator/pkg/deployment/api_logger.go:140.50,144.24 3 1
digital.vasic.translator/pkg/deployment/api_logger.go:144.24,146.3 1 1
digital.vasic.translator/pkg/deployment/api_logger.go:147.2,147.12 1 0
digital.vasic.translator/pkg/deployment/api_logger.go:151.70,160.2 1 1
digital.vasic.translator/pkg/deployment/api_logger.go:165.65,166.33 1 1
digital.vasic.translator/pkg/deployment/api_logger.go:166.33,168.3 1 0
digital.vasic.translator/pkg/deployment/api_logger.go:169.2,169.15 1 1
digital.vasic.translator/pkg/deployment/api_logger.go:173.75,174.21 1 1
digital.vasic.translator/pkg/deployment/api_logger.go:174.21,176.3 1 1
digital.vasic.translator/pkg/deployment/api_logger.go:177.2,177.42 1 0
digital.vasic.translator/pkg/deployment/api_logger.go:181.73,182.20 1 1
digital.vasic.translator/pkg/deployment/api_logger.go:183.11,184.14 1 1
digital.vasic.translator/pkg/deployment/api_logger.go:185.11,186.19 1 0
digital.vasic.translator/pkg/deployment/api_logger.go:187.11,188.22 1 0
digital.vasic.translator/pkg/deployment/api_logger.go:189.11,190.23 1 0
digital.vasic.translator/pkg/deployment/api_logger.go:191.11,192.24 1 0
digital.vasic.translator/pkg/deployment/api_logger.go:193.11,194.21 1 0
digital.vasic.translator/pkg/deployment/api_logger.go:195.11,196.21 1 0
digital.vasic.translator/pkg/deployment/api_logger.go:197.11,198.30 1 0
digital.vasic.translator/pkg/deployment/api_logger.go:199.11,200.20 1 0
digital.vasic.translator/pkg/deployment/api_logger.go:201.11,202.32 1 0
digital.vasic.translator/pkg/deployment/api_logger.go:203.11,204.29 1 0
digital.vasic.translator/pkg/deployment/api_logger.go:205.11,206.33 1 0
digital.vasic.translator/pkg/deployment/api_logger.go:207.11,208.23 1 0
digital.vasic.translator/pkg/deployment/api_logger.go:209.11,210.31 1 0
digital.vasic.translator/pkg/deployment/api_logger.go:211.11,212.27 1 0
digital.vasic.translator/pkg/deployment/api_logger.go:213.10,214.12 1 0
digital.vasic.translator/pkg/deployment/docker_orchestrator.go:68.95,81.2 4 1
digital.vasic.translator/pkg/deployment/docker_orchestrator.go:84.89,97.81 3 1
digital.vasic.translator/pkg/deployment/docker_orchestrator.go:97.81,99.3 1 0
digital.vasic.translator/pkg/deployment/docker_orchestrator.go:102.2,102.38 1 1
digital.vasic.translator/pkg/deployment/docker_orchestrator.go:102.38,104.84 2 1
digital.vasic.translator/pkg/deployment/docker_orchestrator.go:104.84,106.4 1 0
digital.vasic.translator/pkg/deployment/docker_orchestrator.go:110.2,114.72 3 1
digital.vasic.translator/pkg/deployment/docker_orchestrator.go:114.72,116.3 1 0
digital.vasic.translator/pkg/deployment/docker_orchestrator.go:118.2,119.25 2 1
digital.vasic.translator/pkg/deployment/docker_orchestrator.go:123.136,135.33 2 1
digital.vasic.translator/pkg/deployment/docker_orchestrator.go:135.33,137.52 2 1
digital.vasic.translator/pkg/deployment/docker_orchestrator.go:137.52,139.4 1 0
digital.vasic.translator/pkg/deployment/docker_orchestrator.go:140.3,140.49 1 1
digital.vasic.translator/pkg/deployment/docker_orchestrator.go:144.2,144.37 1 1
digital.vasic.translator/pkg/deployment/docker_orchestrator.go:144.37,146.22 2 1
digital.vasic.translator/pkg/deployment/docker_orchestrator.go:146.22,148.4 1 1
digital.vasic.translator/pkg/deployment/docker_orchestrator.go:149.3,149.55 1 1
digital.vasic.translator/pkg/deployment/docker_orchestrator.go:153.2,153.28 1 1
digital.vasic.translator/pkg/deployment/docker_orchestrator.go:153.28,161.3 1 0
digital.vasic.translator/pkg/deployment/docker_orchestrator.go:163.2,164.12 2 1
digital.vasic.translator/pkg/deployment/docker_orchestrator.go:168.89,206.2 4 1
digital.vasic.translator/pkg/deployment/docker_orchestrator.go:209.45,210.12 1 0
digital.vasic.translator/pkg/deployment/docker_orchestrator.go:210.12,212.3 1 0
digital.vasic.translator/pkg/deployment/docker_orchestrator.go:213.2,213.19 1 0
digital.vasic.translator/pkg/deployment/docker_orchestrator.go:217.96,219.16 2 1
digital.vasic.translator/pkg/deployment/docker_orchestrator.go:219.16,221.3 1 0
digital.vasic.translator/pkg/deployment/docker_orchestrator.go:222.2,226.31 4 1
digital.vasic.translator/pkg/deployment/docker_orchestrator.go:230.96,236.16 4 0
digital.vasic.translator/pkg/deployment/docker_orchestrator.go:236.16,238.3 1 0
digital.vasic.translator/pkg/deployment/docker_orchestrator.go:239.2,239.15 1 0
digital.vasic.translator/pkg/deployment/docker_orchestrator.go:239.15,239.39 1 0
digital.vasic.translator/pkg/deployment/docker_orchestrator.go:241.2,241.45 1 0
digital.vasic.translator/pkg/deployment/docker_orchestrator.go:241.45,243.3 1 0
digital.vasic.translator/pkg/deployment/docker_orchestrator.go:246.2,246.58 1 0
digital.vasic.translator/pkg/deployment/docker_orchestrator.go:246.58,248.3 1 0
digital.vasic.translator/pkg/deployment/docker_orchestrator.go:251.2,251.62 1 0
digital.vasic.translator/pkg/deployment/docker_orchestrator.go:251.62,253.3 1 0
digital.vasic.translator/pkg/deployment/docker_orchestrator.go:256.2,256.67 1 0
digital.vasic.translator/pkg/deployment/docker_orchestrator.go:256.67,258.3 1 0
digital.vasic.translator/pkg/deployment/docker_orchestrator.go:260.2,269.12 2 0
digital.vasic.translator/pkg/deployment/docker_orchestrator.go:273.92,278.16 4 0
digital.vasic.translator/pkg/deployment/docker_orchestrator.go:278.16,280.3 1 0
digital.vasic.translator/pkg/deployment/docker_orchestrator.go:282.2,283.12 2 0
digital.vasic.translator/pkg/deployment/docker_orchestrator.go:287.100,294.6 5 0
digital.vasic.translator/pkg/deployment/docker_orchestrator.go:294.6,295.10 1 0
digital.vasic.translator/pkg/deployment/docker_orchestrator.go:296.21,297.20 1 0
digital.vasic.translator/pkg/deployment/docker_orchestrator.go:298.18,299.71 1 0
digital.vasic.translator/pkg/deployment/docker_orchestrator.go:300.19,301.75 1 0
digital.vasic.translator/pkg/deployment/docker_orchestrator.go:301.75,303.5 1 0
digital.vasic.translator/pkg/deployment/docker_orchestrator.go:303.10,303.22 1 0
digital.vasic.translator/pkg/deployment/docker_orchestrator.go:303.22,306.5 2 0
digital.vasic.translator/pkg/deployment/docker_orchestrator.go:312.105,317.16 4 0
digital.vasic.translator/pkg/deployment/docker_orchestrator.go:317.16,319.3 1 0
digital.vasic.translator/pkg/deployment/docker_orchestrator.go:323.2,324.86 2 0
digital.vasic.translator/pkg/deployment/docker_orchestrator.go:324.86,326.3 1 0
digital.vasic.translator/pkg/deployment/docker_orchestrator.go:328.2,328.19 1 0
digital.vasic.translator/pkg/deployment/docker_orchestrator.go:332.105,337.16 4 0
digital.vasic.translator/pkg/deployment/docker_orchestrator.go:337.16,339.3 1 0
digital.vasic.translator/pkg/deployment/docker_orchestrator.go:341.2,342.12 2 0
digital.vasic.translator/pkg/deployment/docker_orchestrator.go:346.114,351.16 4 0
digital.vasic.translator/pkg/deployment/docker_orchestrator.go:351.16,353.3 1 0
digital.vasic.translator/pkg/deployment/docker_orchestrator.go:355.2,355.28 1 0
digital.vasic.translator/pkg/deployment/docker_orchestrator.go:359.73,366.16 5 0
digital.vasic.translator/pkg/deployment/docker_orchestrator.go:366.16,368.3 1 0
digital.vasic.translator/pkg/deployment/docker_orchestrator.go:370.2,371.12 2 0
digital.vasic.translator/pkg/deployment/docker_orchestrator.go:375.102,379.71 2 0
digital.vasic.translator/pkg/deployment/docker_orchestrator.go:379.71,381.3 1 0
digital.vasic.translator/pkg/deployment/docker_orchestrator.go:384.2,384.75 1 0
digital.vasic.translator/pkg/deployment/docker_orchestrator.go:384.75,386.3 1 0
digital.vasic.translator/pkg/deployment/docker_orchestrator.go:389.2,389.67 1 0
digital.vasic.translator/pkg/deployment/docker_orchestrator.go:389.67,391.3 1 0
digital.vasic.translator/pkg/deployment/docker_orchestrator.go:393.2,404.12 3 0
digital.vasic.translator/pkg/deployment/docker_orchestrator.go:408.93,411.74 2 0
digital.vasic.translator/pkg/deployment/docker_orchestrator.go:411.74,413.3 1 0
digital.vasic.translator/pkg/deployment/docker_orchestrator.go:416.2,416.67 1 0
digital.vasic.translator/pkg/deployment/docker_orchestrator.go:416.67,418.3 1 0
digital.vasic.translator/pkg/deployment/docker_orchestrator.go:420.2,430.12 3 0
digital.vasic.translator/pkg/deployment/docker_orchestrator.go:434.76,438.58 2 0
digital.vasic.translator/pkg/deployment/docker_orchestrator.go:438.58,440.3 1 0
digital.vasic.translator/pkg/deployment/docker_orchestrator.go:443.2,443.62 1 0
digital.vasic.translator/pkg/deployment/docker_orchestrator.go:443.62,445.3 1 0
digital.vasic.translator/pkg/deployment/docker_orchestrator.go:448.2,448.70 1 0
digital.vasic.translator/pkg/deployment/docker_orchestrator.go:448.70,450.3 1 0
digital.vasic.translator/pkg/deployment/docker_orchestrator.go:452.2,459.12 3 0
digital.vasic.translator/pkg/deployment/docker_orchestrator.go:463.77,466.61 2 0
digital.vasic.translator/pkg/deployment/docker_orchestrator.go:466.61,468.3 1 0
digital.vasic.translator/pkg/deployment/docker_orchestrator.go:471.2,471.70 1 0
digital.vasic.translator/pkg/deployment/docker_orchestrator.go:471.70,473.3 1 0
digital.vasic.translator/pkg/deployment/docker_orchestrator.go:475.2,482.12 3 0
digital.vasic.translator/pkg/deployment/docker_orchestrator.go:486.100,493.6 5 0
digital.vasic.translator/pkg/deployment/docker_orchestrator.go:493.6,494.10 1 0
digital.vasic.translator/pkg/deployment/docker_orchestrator.go:495.21,496.20 1 0
digital.vasic.translator/pkg/deployment/docker_orchestrator.go:497.18,498.86 1 0
digital.vasic.translator/pkg/deployment/docker_orchestrator.go:499.19,500.75 1 0
digital.vasic.translator/pkg/deployment/docker_orchestrator.go:500.75,502.5 1 0
digital.vasic.translator/pkg/deployment/docker_orchestrator.go:502.10,502.22 1 0
digital.vasic.translator/pkg/deployment/docker_orchestrator.go:502.22,505.5 2 0
digital.vasic.translator/pkg/deployment/docker_orchestrator.go:511.105,516.16 4 0
digital.vasic.translator/pkg/deployment/docker_orchestrator.go:516.16,518.3 1 0
digital.vasic.translator/pkg/deployment/docker_orchestrator.go:521.2,522.86 2 0
digital.vasic.translator/pkg/deployment/docker_orchestrator.go:522.86,524.3 1 0
digital.vasic.translator/pkg/deployment/docker_orchestrator.go:526.2,526.19 1 0
digital.vasic.translator/pkg/deployment/docker_orchestrator.go:530.105,535.16 4 0
digital.vasic.translator/pkg/deployment/docker_orchestrator.go:535.16,537.3 1 0
digital.vasic.translator/pkg/deployment/docker_orchestrator.go:539.2,539.47 1 0
digital.vasic.translator/pkg/deployment/docker_orchestrator.go:543.47,546.52 2 0
digital.vasic.translator/pkg/deployment/docker_orchestrator.go:546.52,548.3 1 0
digital.vasic.translator/pkg/deployment/docker_orchestrator.go:550.2,550.12 1 0
digital.vasic.translator/pkg/deployment/docker_orchestrator.go:554.61,555.24 1 0
digital.vasic.translator/pkg/deployment/docker_orchestrator.go:555.24,557.3 1 0
digital.vasic.translator/pkg/deployment/network_discovery.go:31.86,43.2 2 1
digital.vasic.translator/pkg/deployment/network_discovery.go:46.115,51.16 3 1
digital.vasic.translator/pkg/deployment/network_discovery.go:51.16,53.3 1 0
digital.vasic.translator/pkg/deployment/network_discovery.go:54.2,60.12 5 1
digital.vasic.translator/pkg/deployment/network_discovery.go:64.72,69.16 3 1
digital.vasic.translator/pkg/deployment/network_discovery.go:69.16,71.3 1 0
digital.vasic.translator/pkg/deployment/network_discovery.go:72.2,78.12 5 1
digital.vasic.translator/pkg/deployment/network_discovery.go:82.80,84.16 2 1
digital.vasic.translator/pkg/deployment/network_discovery.go:84.16,86.3 1 0
digital.vasic.translator/pkg/deployment/network_discovery.go:88.2,89.16 2 1
digital.vasic.translator/pkg/deployment/network_discovery.go:89.16,91.3 1 0
digital.vasic.translator/pkg/deployment/network_discovery.go:93.2,93.18 1 1
digital.vasic.translator/pkg/deployment/network_discovery.go:97.80,99.16 2 1
digital.vasic.translator/pkg/deployment/network_discovery.go:99.16,101.3 1 0
digital.vasic.translator/pkg/deployment/network_discovery.go:103.2,104.16 2 1
digital.vasic.translator/pkg/deployment/network_discovery.go:104.16,106.3 1 0
digital.vasic.translator/pkg/deployment/network_discovery.go:108.2,108.18 1 1
digital.vasic.translator/pkg/deployment/network_discovery.go:112.105,117.6 4 1
digital.vasic.translator/pkg/deployment/network_discovery.go:117.6,118.10 1 1
digital.vasic.translator/pkg/deployment/network_discovery.go:119.21,120.10 1 1
digital.vasic.translator/pkg/deployment/network_discovery.go:121.24,122.10 1 0
digital.vasic.translator/pkg/deployment/network_discovery.go:123.19,124.35 1 0
digital.vasic.translator/pkg/deployment/network_discovery.go:130.88,131.37 1 0
digital.vasic.translator/pkg/deployment/network_discovery.go:131.37,145.58 2 0
digital.vasic.translator/pkg/deployment/network_discovery.go:145.58,147.4 1 0
digital.vasic.translator/pkg/deployment/network_discovery.go:152.83,154.16 2 0
digital.vasic.translator/pkg/deployment/network_discovery.go:154.16,156.3 1 0
digital.vasic.translator/pkg/deployment/network_discovery.go:158.2,159.12 2 0
digital.vasic.translator/pkg/deployment/network_discovery.go:163.65,168.6 3 1
digital.vasic.translator/pkg/deployment/network_discovery.go:168.6,169.10 1 1
digital.vasic.translator/pkg/deployment/network_discovery.go:170.21,171.10 1 0
digital.vasic.translator/pkg/deployment/network_discovery.go:172.24,173.10 1 1
digital.vasic.translator/pkg/deployment/network_discovery.go:174.11,175.92 1 1
digital.vasic.translator/pkg/deployment/network_discovery.go:175.92,177.13 2 0
digital.vasic.translator/pkg/deployment/network_discovery.go:180.4,181.18 2 1
digital.vasic.translator/pkg/deployment/network_discovery.go:181.18,182.62 1 1
digital.vasic.translator/pkg/deployment/network_discovery.go:182.62,183.14 1 0
digital.vasic.translator/pkg/deployment/network_discovery.go:185.5,186.13 2 1
digital.vasic.translator/pkg/deployment/network_discovery.go:189.4,189.70 1 0
digital.vasic.translator/pkg/deployment/network_discovery.go:189.70,191.5 1 0
digital.vasic.translator/pkg/deployment/network_discovery.go:197.91,199.55 2 0
digital.vasic.translator/pkg/deployment/network_discovery.go:199.55,201.3 1 0
digital.vasic.translator/pkg/deployment/network_discovery.go:204.2,204.40 1 0
digital.vasic.translator/pkg/deployment/network_discovery.go:204.40,206.3 1 0
digital.vasic.translator/pkg/deployment/network_discovery.go:208.2,226.12 6 0
digital.vasic.translator/pkg/deployment/network_discovery.go:230.66,234.2 1 0
digital.vasic.translator/pkg/deployment/network_discovery.go:237.77,238.73 1 1
digital.vasic.translator/pkg/deployment/network_discovery.go:238.73,240.3 1 1
digital.vasic.translator/pkg/deployment/network_discovery.go:241.2,241.36 1 1
digital.vasic.translator/pkg/deployment/network_discovery.go:241.36,243.3 1 1
digital.vasic.translator/pkg/deployment/network_discovery.go:244.2,244.18 1 1
digital.vasic.translator/pkg/deployment/network_discovery.go:248.38,252.2 1 1
digital.vasic.translator/pkg/deployment/network_discovery.go:254.44,255.43 1 1
digital.vasic.translator/pkg/deployment/network_discovery.go:255.43,256.35 1 1
digital.vasic.translator/pkg/deployment/network_discovery.go:256.35,258.4 1 1
digital.vasic.translator/pkg/deployment/network_discovery.go:260.2,260.14 1 1
digital.vasic.translator/pkg/deployment/network_discovery.go:264.81,270.39 4 1
digital.vasic.translator/pkg/deployment/network_discovery.go:270.39,271.46 1 1
digital.vasic.translator/pkg/deployment/network_discovery.go:271.46,273.4 1 1
digital.vasic.translator/pkg/deployment/network_discovery.go:276.2,277.32 2 1
digital.vasic.translator/pkg/deployment/network_discovery.go:277.32,279.3 1 0
digital.vasic.translator/pkg/deployment/network_discovery.go:280.2,280.15 1 1
digital.vasic.translator/pkg/deployment/network_discovery.go:284.121,288.2 1 0
digital.vasic.translator/pkg/deployment/network_discovery.go:291.44,296.29 3 1
digital.vasic.translator/pkg/deployment/network_discovery.go:296.29,298.3 1 1
digital.vasic.translator/pkg/deployment/network_discovery.go:300.2,300.29 1 1
digital.vasic.translator/pkg/deployment/network_discovery.go:300.29,302.3 1 1
digital.vasic.translator/pkg/deployment/network_discovery.go:304.2,305.12 2 1
digital.vasic.translator/pkg/deployment/orchestrator.go:82.103,96.16 6 1
digital.vasic.translator/pkg/deployment/orchestrator.go:96.16,99.3 2 0
digital.vasic.translator/pkg/deployment/orchestrator.go:101.2,109.3 1 1
digital.vasic.translator/pkg/deployment/orchestrator.go:113.118,117.66 2 1
digital.vasic.translator/pkg/deployment/orchestrator.go:117.66,119.3 1 1
digital.vasic.translator/pkg/deployment/orchestrator.go:122.2,122.72 1 0
digital.vasic.translator/pkg/deployment/orchestrator.go:122.72,124.3 1 0
digital.vasic.translator/pkg/deployment/orchestrator.go:127.2,127.48 1 0
digital.vasic.translator/pkg/deployment/orchestrator.go:127.48,128.67 1 0
digital.vasic.translator/pkg/deployment/orchestrator.go:128.67,130.12 2 0
digital.vasic.translator/pkg/deployment/orchestrator.go:135.2,135.68 1 0
digital.vasic.translator/pkg/deployment/orchestrator.go:135.68,137.3 1 0
digital.vasic.translator/pkg/deployment/orchestrator.go:140.2,140.59 1 0
digital.vasic.translator/pkg/deployment/orchestrator.go:140.59,142.3 1 0
digital.vasic.translator/pkg/deployment/orchestrator.go:144.2,155.12 2 0
digital.vasic.translator/pkg/deployment/orchestrator.go:159.104,164.16 3 0
digital.vasic.translator/pkg/deployment/orchestrator.go:164.16,166.3 1 0
digital.vasic.translator/pkg/deployment/orchestrator.go:169.2,173.16 3 0
digital.vasic.translator/pkg/deployment/orchestrator.go:173.16,175.3 1 0
digital.vasic.translator/pkg/deployment/orchestrator.go:178.2,193.12 6 0
digital.vasic.translator/pkg/deployment/orchestrator.go:197.117,202.16 3 0
digital.vasic.translator/pkg/deployment/orchestrator.go:202.16,204.3 1 0
digital.vasic.translator/pkg/deployment/orchestrator.go:207.2,210.28 2 0
digital.vasic.translator/pkg/deployment/orchestrator.go:210.28,212.3 1 0
digital.vasic.translator/pkg/deployment/orchestrator.go:213.2,218.16 4 0
digital.vasic.translator/pkg/deployment/orchestrator.go:218.16,220.3 1 0
digital.vasic.translator/pkg/deployment/orchestrator.go:223.2,238.12 6 0
digital.vasic.translator/pkg/deployment/orchestrator.go:242.98,243.62 1 1
digital.vasic.translator/pkg/deployment/orchestrator.go:243.62,244.37 1 1
digital.vasic.translator/pkg/deployment/orchestrator.go:244.37,246.4 1 1
digital.vasic.translator/pkg/deployment/orchestrator.go:248.2,248.98 1 0
digital.vasic.translator/pkg/deployment/orchestrator.go:252.79,255.16 3 1
digital.vasic.translator/pkg/deployment/orchestrator.go:255.16,257.3 1 1
digital.vasic.translator/pkg/deployment/orchestrator.go:258.2,259.14 2 0
digital.vasic.translator/pkg/deployment/orchestrator.go:263.104,270.6 5 0
digital.vasic.translator/pkg/deployment/orchestrator.go:270.6,271.10 1 0
digital.vasic.translator/pkg/deployment/orchestrator.go:272.21,273.20 1 0
digital.vasic.translator/pkg/deployment/orchestrator.go:274.18,275.58 1 0
digital.vasic.translator/pkg/deployment/orchestrator.go:276.19,280.42 3 0
digital.vasic.translator/pkg/deployment/orchestrator.go:280.42,282.19 2 0
digital.vasic.translator/pkg/deployment/orchestrator.go:282.19,285.14 3 0
digital.vasic.translator/pkg/deployment/orchestrator.go:288.5,288.17 1 0
digital.vasic.translator/pkg/deployment/orchestrator.go:288.17,290.14 2 0
digital.vasic.translator/pkg/deployment/orchestrator.go:293.5,296.25 4 0
digital.vasic.translator/pkg/deployment/orchestrator.go:298.4,300.18 2 0
digital.vasic.translator/pkg/deployment/orchestrator.go:300.18,303.5 2 0
digital.vasic.translator/pkg/deployment/orchestrator.go:309.118,312.2 2 0
digital.vasic.translator/pkg/deployment/orchestrator.go:315.89,319.74 2 0
digital.vasic.translator/pkg/deployment/orchestrator.go:319.74,321.3 1 0
digital.vasic.translator/pkg/deployment/orchestrator.go:324.2,324.58 1 0
digital.vasic.translator/pkg/deployment/orchestrator.go:324.58,326.3 1 0
digital.vasic.translator/pkg/deployment/orchestrator.go:328.2,329.12 2 0
digital.vasic.translator/pkg/deployment/orchestrator.go:333.86,334.22 1 1
digital.vasic.translator/pkg/deployment/orchestrator.go:334.22,336.3 1 1
digital.vasic.translator/pkg/deployment/orchestrator.go:338.2,338.28 1 1
digital.vasic.translator/pkg/deployment/orchestrator.go:338.28,340.3 1 1
digital.vasic.translator/pkg/deployment/orchestrator.go:343.2,343.61 1 1
digital.vasic.translator/pkg/deployment/orchestrator.go:343.61,345.3 1 0
digital.vasic.translator/pkg/deployment/orchestrator.go:348.2,348.38 1 1
digital.vasic.translator/pkg/deployment/orchestrator.go:348.38,349.59 1 1
digital.vasic.translator/pkg/deployment/orchestrator.go:349.59,351.4 1 0
digital.vasic.translator/pkg/deployment/orchestrator.go:354.2,354.12 1 1
digital.vasic.translator/pkg/deployment/orchestrator.go:358.87,359.20 1 1
digital.vasic.translator/pkg/deployment/orchestrator.go:359.20,361.3 1 0
digital.vasic.translator/pkg/deployment/orchestrator.go:363.2,363.20 1 1
digital.vasic.translator/pkg/deployment/orchestrator.go:363.20,365.3 1 0
digital.vasic.translator/pkg/deployment/orchestrator.go:367.2,367.27 1 1
digital.vasic.translator/pkg/deployment/orchestrator.go:367.27,369.3 1 0
digital.vasic.translator/pkg/deployment/orchestrator.go:371.2,371.29 1 1
digital.vasic.translator/pkg/deployment/orchestrator.go:371.29,373.3 1 0
digital.vasic.translator/pkg/deployment/orchestrator.go:375.2,375.25 1 1
digital.vasic.translator/pkg/deployment/orchestrator.go:375.25,377.3 1 0
digital.vasic.translator/pkg/deployment/orchestrator.go:379.2,379.12 1 1
digital.vasic.translator/pkg/deployment/orchestrator.go:383.64,387.39 3 0
digital.vasic.translator/pkg/deployment/orchestrator.go:387.39,388.44 1 0
digital.vasic.translator/pkg/deployment/orchestrator.go:388.44,390.4 1 0
digital.vasic.translator/pkg/deployment/orchestrator.go:392.2,392.11 1 0
digital.vasic.translator/pkg/deployment/orchestrator.go:396.87,401.32 4 1
digital.vasic.translator/pkg/deployment/orchestrator.go:401.32,403.3 1 1
digital.vasic.translator/pkg/deployment/orchestrator.go:404.2,404.15 1 1
digital.vasic.translator/pkg/deployment/orchestrator.go:408.65,409.24 1 0
digital.vasic.translator/pkg/deployment/orchestrator.go:409.24,411.3 1 0
digital.vasic.translator/pkg/deployment/orchestrator.go:415.106,422.13 5 0
digital.vasic.translator/pkg/deployment/orchestrator.go:422.13,424.3 1 0
digital.vasic.translator/pkg/deployment/orchestrator.go:427.2,431.16 3 0
digital.vasic.translator/pkg/deployment/orchestrator.go:431.16,433.3 1 0
digital.vasic.translator/pkg/deployment/orchestrator.go:436.2,443.79 6 0
digital.vasic.translator/pkg/deployment/orchestrator.go:443.79,445.3 1 0
digital.vasic.translator/pkg/deployment/orchestrator.go:447.2,464.12 7 0
digital.vasic.translator/pkg/deployment/orchestrator.go:468.80,473.39 4 0
digital.vasic.translator/pkg/deployment/orchestrator.go:473.39,475.3 1 0
digital.vasic.translator/pkg/deployment/orchestrator.go:476.2,478.37 2 0
digital.vasic.translator/pkg/deployment/orchestrator.go:478.37,479.99 1 0
digital.vasic.translator/pkg/deployment/orchestrator.go:479.99,481.4 1 0
digital.vasic.translator/pkg/deployment/orchestrator.go:484.2,491.12 3 0
digital.vasic.translator/pkg/deployment/orchestrator.go:495.97,502.13 5 0
digital.vasic.translator/pkg/deployment/orchestrator.go:502.13,504.3 1 0
digital.vasic.translator/pkg/deployment/orchestrator.go:507.2,507.70 1 0
digital.vasic.translator/pkg/deployment/orchestrator.go:507.70,509.3 1 0
digital.vasic.translator/pkg/deployment/orchestrator.go:512.2,518.79 5 0
digital.vasic.translator/pkg/deployment/orchestrator.go:518.79,520.3 1 0
digital.vasic.translator/pkg/deployment/orchestrator.go:522.2,537.12 7 0
digital.vasic.translator/pkg/deployment/orchestrator.go:541.81,546.39 4 0
digital.vasic.translator/pkg/deployment/orchestrator.go:546.39,548.3 1 0
digital.vasic.translator/pkg/deployment/orchestrator.go:549.2,551.37 2 0
digital.vasic.translator/pkg/deployment/orchestrator.go:551.37,552.61 1 0
digital.vasic.translator/pkg/deployment/orchestrator.go:552.61,554.4 1 0
digital.vasic.translator/pkg/deployment/orchestrator.go:557.2,564.12 3 0
digital.vasic.translator/pkg/deployment/orchestrator.go:568.135,573.6 4 0
digital.vasic.translator/pkg/deployment/orchestrator.go:573.6,574.10 1 0
digital.vasic.translator/pkg/deployment/orchestrator.go:575.21,576.20 1 0
digital.vasic.translator/pkg/deployment/orchestrator.go:577.22,578.87 1 0
digital.vasic.translator/pkg/deployment/orchestrator.go:579.19,581.18 2 0
digital.vasic.translator/pkg/deployment/orchestrator.go:581.18,583.13 2 0
digital.vasic.translator/pkg/deployment/orchestrator.go:586.4,586.15 1 0
digital.vasic.translator/pkg/deployment/orchestrator.go:586.15,588.5 1 0
digital.vasic.translator/pkg/deployment/orchestrator.go:594.49,597.25 2 1
digital.vasic.translator/pkg/deployment/orchestrator.go:597.25,599.3 1 1
digital.vasic.translator/pkg/deployment/orchestrator.go:601.2,601.26 1 1
digital.vasic.translator/pkg/deployment/orchestrator.go:601.26,603.3 1 1
digital.vasic.translator/pkg/deployment/orchestrator.go:605.2,605.24 1 1
digital.vasic.translator/pkg/deployment/orchestrator.go:605.24,607.3 1 1
digital.vasic.translator/pkg/deployment/orchestrator.go:609.2,609.12 1 1
digital.vasic.translator/pkg/deployment/ssh_deployer.go:22.58,28.2 1 1
digital.vasic.translator/pkg/deployment/ssh_deployer.go:30.120,31.22 1 1
digital.vasic.translator/pkg/deployment/ssh_deployer.go:31.22,33.3 1 1
digital.vasic.translator/pkg/deployment/ssh_deployer.go:34.2,34.22 1 0
digital.vasic.translator/pkg/deployment/ssh_deployer.go:34.22,36.3 1 0
digital.vasic.translator/pkg/deployment/ssh_deployer.go:38.2,39.27 2 0
digital.vasic.translator/pkg/deployment/ssh_deployer.go:42.54,44.2 1 1
digital.vasic.translator/pkg/deployment/ssh_deployer.go:46.54,48.2 1 0
digital.vasic.translator/pkg/deployment/ssh_deployer.go:50.55,52.2 1 0
digital.vasic.translator/pkg/deployment/ssh_deployer.go:54.67,56.2 1 0
digital.vasic.translator/pkg/deployment/ssh_deployer.go:71.44,72.18 1 1
digital.vasic.translator/pkg/deployment/ssh_deployer.go:72.18,74.3 1 1
digital.vasic.translator/pkg/deployment/ssh_deployer.go:75.2,75.17 1 1
digital.vasic.translator/pkg/deployment/ssh_deployer.go:75.17,77.3 1 1
digital.vasic.translator/pkg/deployment/ssh_deployer.go:78.2,78.22 1 1
digital.vasic.translator/pkg/deployment/ssh_deployer.go:78.22,80.3 1 1
digital.vasic.translator/pkg/deployment/ssh_deployer.go:81.2,81.20 1 1
digital.vasic.translator/pkg/deployment/ssh_deployer.go:81.20,83.3 1 1
digital.vasic.translator/pkg/deployment/ssh_deployer.go:84.2,84.27 1 1
digital.vasic.translator/pkg/deployment/ssh_deployer.go:84.27,86.3 1 1
digital.vasic.translator/pkg/deployment/ssh_deployer.go:87.2,87.27 1 1
digital.vasic.translator/pkg/deployment/ssh_deployer.go:87.27,89.3 1 1
digital.vasic.translator/pkg/deployment/ssh_deployer.go:91.2,91.64 1 1
digital.vasic.translator/pkg/deployment/ssh_deployer.go:91.64,93.3 1 1
digital.vasic.translator/pkg/deployment/ssh_deployer.go:95.2,95.12 1 1
digital.vasic.translator/pkg/deployment/ssh_deployer.go:104.42,106.2 1 1
digital.vasic.translator/pkg/deployment/ssh_deployer.go:120.59,125.2 1 1
digital.vasic.translator/pkg/deployment/ssh_deployer.go:128.96,133.2 1 1
digital.vasic.translator/pkg/deployment/ssh_deployer.go:136.58,137.44 1 1
digital.vasic.translator/pkg/deployment/ssh_deployer.go:137.44,139.3 1 1
digital.vasic.translator/pkg/deployment/ssh_deployer.go:142.2,149.29 2 1
digital.vasic.translator/pkg/deployment/ssh_deployer.go:149.29,151.3 1 1
digital.vasic.translator/pkg/deployment/ssh_deployer.go:153.2,153.57 1 1
digital.vasic.translator/pkg/deployment/ssh_deployer.go:153.57,157.32 3 0
digital.vasic.translator/pkg/deployment/ssh_deployer.go:157.32,159.4 1 0
digital.vasic.translator/pkg/deployment/ssh_deployer.go:159.9,159.36 1 0
digital.vasic.translator/pkg/deployment/ssh_deployer.go:159.36,162.18 2 0
digital.vasic.translator/pkg/deployment/ssh_deployer.go:162.18,164.5 1 0
digital.vasic.translator/pkg/deployment/ssh_deployer.go:167.3,168.17 2 0
digital.vasic.translator/pkg/deployment/ssh_deployer.go:168.17,170.4 1 0
digital.vasic.translator/pkg/deployment/ssh_deployer.go:172.3,172.66 1 0
digital.vasic.translator/pkg/deployment/ssh_deployer.go:176.2,179.66 3 1
digital.vasic.translator/pkg/deployment/ssh_deployer.go:179.66,180.10 1 1
digital.vasic.translator/pkg/deployment/ssh_deployer.go:181.21,182.60 1 1
digital.vasic.translator/pkg/deployment/ssh_deployer.go:183.11,183.11 0 1
digital.vasic.translator/pkg/deployment/ssh_deployer.go:186.3,187.17 2 1
digital.vasic.translator/pkg/deployment/ssh_deployer.go:187.17,188.21 1 0
digital.vasic.translator/pkg/deployment/ssh_deployer.go:188.21,190.5 1 0
digital.vasic.translator/pkg/deployment/ssh_deployer.go:191.4,191.14 1 0
digital.vasic.translator/pkg/deployment/ssh_deployer.go:194.3,195.40 2 1
digital.vasic.translator/pkg/deployment/ssh_deployer.go:195.40,197.4 1 1
digital.vasic.translator/pkg/deployment/ssh_deployer.go:200.2,200.63 1 1
digital.vasic.translator/pkg/deployment/ssh_deployer.go:209.42,211.2 1 1
digital.vasic.translator/pkg/deployment/ssh_deployer.go:213.42,215.2 1 1
digital.vasic.translator/pkg/deployment/ssh_deployer.go:218.99,219.39 1 1
digital.vasic.translator/pkg/deployment/ssh_deployer.go:219.39,221.3 1 1
digital.vasic.translator/pkg/deployment/ssh_deployer.go:224.2,232.20 2 0
digital.vasic.translator/pkg/deployment/ssh_deployer.go:245.101,247.2 1 0
digital.vasic.translator/pkg/deployment/ssh_deployer.go:250.89,252.2 1 0
digital.vasic.translator/pkg/deployment/ssh_deployer.go:255.110,257.2 1 0
digital.vasic.translator/pkg/deployment/ssh_deployer.go:260.85,262.2 1 0
digital.vasic.translator/pkg/deployment/ssh_deployer.go:265.37,267.2 1 1
digital.vasic.translator/pkg/deployment/ssh_deployer.go:272.120,274.2 1 1
