mode: set
digital.vasic.translator/pkg/deployment/api_logger.go:19.81,21.16 2 1
digital.vasic.translator/pkg/deployment/api_logger.go:21.16,23.3 1 1
digital.vasic.translator/pkg/deployment/api_logger.go:25.2,30.8 2 1
digital.vasic.translator/pkg/deployment/api_logger.go:34.90,41.30 4 1
digital.vasic.translator/pkg/deployment/api_logger.go:41.30,45.31 3 1
digital.vasic.translator/pkg/deployment/api_logger.go:45.31,47.4 1 1
digital.vasic.translator/pkg/deployment/api_logger.go:48.3,55.13 1 1
digital.vasic.translator/pkg/deployment/api_logger.go:56.8,61.32 4 1
digital.vasic.translator/pkg/deployment/api_logger.go:61.32,63.4 1 1
digital.vasic.translator/pkg/deployment/api_logger.go:64.3,78.27 3 1
digital.vasic.translator/pkg/deployment/api_logger.go:78.27,80.4 1 0
digital.vasic.translator/pkg/deployment/api_logger.go:83.2,84.12 2 1
digital.vasic.translator/pkg/deployment/api_logger.go:88.177,101.12 2 1
digital.vasic.translator/pkg/deployment/api_logger.go:101.12,102.53 1 1
digital.vasic.translator/pkg/deployment/api_logger.go:102.53,104.4 1 0
digital.vasic.translator/pkg/deployment/api_logger.go:107.2,107.14 1 1
digital.vasic.translator/pkg/deployment/api_logger.go:111.147,117.16 5 1
digital.vasic.translator/pkg/deployment/api_logger.go:117.16,119.3 1 0
digital.vasic.translator/pkg/deployment/api_logger.go:122.2,122.12 1 1
digital.vasic.translator/pkg/deployment/api_logger.go:122.12,123.59 1 1
digital.vasic.translator/pkg/deployment/api_logger.go:123.59,125.4 1 0
digital.vasic.translator/pkg/deployment/api_logger.go:130.87,137.2 3 0
digital.vasic.translator/pkg/deployment/api_logger.go:140.50,144.24 3 1
digital.vasic.translator/pkg/deployment/api_logger.go:144.24,146.3 1 1
digital.vasic.translator/pkg/deployment/api_logger.go:147.2,147.12 1 0
digital.vasic.translator/pkg/deployment/api_logger.go:151.70,160.2 1 1
digital.vasic.translator/pkg/deployment/api_logger.go:165.65,166.33 1 1
digital.vasic.translator/pkg/deployment/api_logger.go:166.33,168.3 1 0
digital.vasic.translator/pkg/deployment/api_logger.go:169.2,169.15 1 1
digital.vasic.translator/pkg/deployment/api_logger.go:173.75,174.21 1 1
digital.vasic.translator/pkg/deployment/api_logger.go:174.21,176.3 1 1
digital.vasic.translator/pkg/deployment/api_logger.go:177.2,177.42 1 0
digital.vasic.translator/pkg/deployment/api_logger.go:181.73,182.20 1 1
digital.vasic.translator/pkg/deployment/api_logger.go:183.11,184.14 1 1
digital.vasic.translator/pkg/deployment/api_logger.go:185.11,186.19 1 0
digital.vasic.translator/pkg/deployment/api_logger.go:187.11,188.22 1 0
digital.vasic.translator/pkg/deployment/api_logger.go:189.11,190.23 1 0
digital.vasic.translator/pkg/deployment/api_logger.go:191.11,192.24 1 0
digital.vasic.translator/pkg/deployment/api_logger.go:193.11,194.21 1 0
digital.vasic.translator/pkg/deployment/api_logger.go:195.11,196.21 1 0
digital.vasic.translator/pkg/deployment/api_logger.go:197.11,198.30 1 0
digital.vasic.translator/pkg/deployment/api_logger.go:199.11,200.20 1 0
digital.vasic.translator/pkg/deployment/api_logger.go:201.11,202.32 1 0
digital.vasic.translator/pkg/deployment/api_logger.go:203.11,204.29 1 0
digital.vasic.translator/pkg/deployment/api_logger.go:205.11,206.33 1 0
digital.vasic.translator/pkg/deployment/api_logger.go:207.11,208.23 1 0
digital.vasic.translator/pkg/deployment/api_logger.go:209.11,210.31 1 0
digital.vasic.translator/pkg/deployment/api_logger.go:211.11,212.27 1 0
digital.vasic.translator/pkg/deployment/api_logger.go:213.10,214.12 1 0
digital.vasic.translator/pkg/deployment/docker_orchestrator.go:68.95,81.2 4 1
digital.vasic.translator/pkg/deployment/docker_orchestrator.go:84.89,97.81 3 1
digital.vasic.translator/pkg/deployment/docker_orchestrator.go:97.81,99.3 1 0
digital.vasic.translator/pkg/deployment/docker_orchestrator.go:102.2,102.38 1 1
digital.vasic.translator/pkg/deployment/docker_orchestrator.go:102.38,104.84 2 1
digital.vasic.translator/pkg/deployment/docker_orchestrator.go:104.84,106.4 1 0
digital.vasic.translator/pkg/deployment/docker_orchestrator.go:110.2,114.72 3 1
digital.vasic.translator/pkg/deployment/docker_orchestrator.go:114.72,116.3 1 0
digital.vasic.translator/pkg/deployment/docker_orchestrator.go:118.2,119.25 2 1
digital.vasic.translator/pkg/deployment/docker_orchestrator.go:123.136,135.33 2 1
digital.vasic.translator/pkg/deployment/docker_orchestrator.go:135.33,137.52 2 1
digital.vasic.translator/pkg/deployment/docker_orchestrator.go:137.52,139.4 1 0
digital.vasic.translator/pkg/deployment/docker_orchestrator.go:140.3,140.49 1 1
digital.vasic.translator/pkg/deployment/docker_orchestrator.go:144.2,144.37 1 1
digital.vasic.translator/pkg/deployment/docker_orchestrator.go:144.37,146.22 2 1
digital.vasic.translator/pkg/deployment/docker_orchestrator.go:146.22,148.4 1 1
digital.vasic.translator/pkg/deployment/docker_orchestrator.go:149.3,149.55 1 1
digital.vasic.translator/pkg/deployment/docker_orchestrator.go:153.2,153.28 1 1
digital.vasic.translator/pkg/deployment/docker_orchestrator.go:153.28,161.3 1 0
digital.vasic.translator/pkg/deployment/docker_orchestrator.go:163.2,164.12 2 1
digital.vasic.translator/pkg/deployment/docker_orchestrator.go:168.89,206.2 4 1
digital.vasic.translator/pkg/deployment/docker_orchestrator.go:209.45,210.12 1 0
digital.vasic.translator/pkg/deployment/docker_orchestrator.go:210.12,212.3 1 0
digital.vasic.translator/pkg/deployment/docker_orchestrator.go:213.2,213.19 1 0
digital.vasic.translator/pkg/deployment/docker_orchestrator.go:217.96,219.16 2 1
digital.vasic.translator/pkg/deployment/docker_orchestrator.go:219.16,221.3 1 0
digital.vasic.translator/pkg/deployment/docker_orchestrator.go:222.2,226.31 4 1
digital.vasic.translator/pkg/deployment/docker_orchestrator.go:230.96,236.16 4 0
digital.vasic.translator/pkg/deployment/docker_orchestrator.go:236.16,238.3 1 0
digital.vasic.translator/pkg/deployment/docker_orchestrator.go:239.2,239.15 1 0
digital.vasic.translator/pkg/deployment/docker_orchestrator.go:239.15,239.39 1 0
digital.vasic.translator/pkg/deployment/docker_orchestrator.go:241.2,241.45 1 0
digital.vasic.translator/pkg/deployment/docker_orchestrator.go:241.45,243.3 1 0
digital.vasic.translator/pkg/deployment/docker_orchestrator.go:246.2,246.58 1 0
digital.vasic.translator/pkg/deployment/docker_orchestrator.go:246.58,248.3 1 0
digital.vasic.translator/pkg/deployment/docker_orchestrator.go:251.2,251.62 1 0
digital.vasic.translator/pkg/deployment/docker_orchestrator.go:251.62,253.3 1 0
digital.vasic.translator/pkg/deployment/docker_orchestrator.go:256.2,256.67 1 0
digital.vasic.translator/pkg/deployment/docker_orchestrator.go:256.67,258.3 1 0
digital.vasic.translator/pkg/deployment/docker_orchestrator.go:260.2,269.12 2 0
digital.vasic.translator/pkg/deployment/docker_orchestrator.go:273.92,278.16 4 0
digital.vasic.translator/pkg/deployment/docker_orchestrator.go:278.16,280.3 1 0
digital.vasic.translator/pkg/deployment/docker_orchestrator.go:282.2,283.12 2 0
digital.vasic.translator/pkg/deployment/docker_orchestrator.go:287.100,294.6 5 0
digital.vasic.translator/pkg/deployment/docker_orchestrator.go:294.6,295.10 1 0
digital.vasic.translator/pkg/deployment/docker_orchestrator.go:296.21,297.20 1 0
digital.vasic.translator/pkg/deployment/docker_orchestrator.go:298.18,299.71 1 0
digital.vasic.translator/pkg/deployment/docker_orchestrator.go:300.19,301.75 1 0
digital.vasic.translator/pkg/deployment/docker_orchestrator.go:301.75,303.5 1 0
digital.vasic.translator/pkg/deployment/docker_orchestrator.go:303.10,303.22 1 0
digital.vasic.translator/pkg/deployment/docker_orchestrator.go:303.22,306.5 2 0
digital.vasic.translator/pkg/deployment/docker_orchestrator.go:312.105,317.16 4 0
digital.vasic.translator/pkg/deployment/docker_orchestrator.go:317.16,319.3 1 0
digital.vasic.translator/pkg/deployment/docker_orchestrator.go:323.2,324.86 2 0
digital.vasic.translator/pkg/deployment/docker_orchestrator.go:324.86,326.3 1 0
digital.vasic.translator/pkg/deployment/docker_orchestrator.go:328.2,328.19 1 0
digital.vasic.translator/pkg/deployment/docker_orchestrator.go:332.105,337.16 4 0
digital.vasic.translator/pkg/deployment/docker_orchestrator.go:337.16,339.3 1 0
digital.vasic.translator/pkg/deployment/docker_orchestrator.go:341.2,342.12 2 0
digital.vasic.translator/pkg/deployment/docker_orchestrator.go:346.114,351.16 4 0
digital.vasic.translator/pkg/deployment/docker_orchestrator.go:351.16,353.3 1 0
digital.vasic.translator/pkg/deployment/docker_orchestrator.go:355.2,355.28 1 0
digital.vasic.translator/pkg/deployment/docker_orchestrator.go:359.73,366.16 5 0
digital.vasic.translator/pkg/deployment/docker_orchestrator.go:366.16,368.3 1 0
digital.vasic.translator/pkg/deployment/docker_orchestrator.go:370.2,371.12 2 0
digital.vasic.translator/pkg/deployment/docker_orchestrator.go:375.102,379.71 2 0
digital.vasic.translator/pkg/deployment/docker_orchestrator.go:379.71,381.3 1 0
digital.vasic.translator/pkg/deployment/docker_orchestrator.go:384.2,384.75 1 0
digital.vasic.translator/pkg/deployment/docker_orchestrator.go:384.75,386.3 1 0
digital.vasic.translator/pkg/deployment/docker_orchestrator.go:389.2,389.67 1 0
digital.vasic.translator/pkg/deployment/docker_orchestrator.go:389.67,391.3 1 0
digital.vasic.translator/pkg/deployment/docker_orchestrator.go:393.2,404.12 3 0
digital.vasic.translator/pkg/deployment/docker_orchestrator.go:408.93,411.74 2 0
digital.vasic.translator/pkg/deployment/docker_orchestrator.go:411.74,413.3 1 0
digital.vasic.translator/pkg/deployment/docker_orchestrator.go:416.2,416.67 1 0
digital.vasic.translator/pkg/deployment/docker_orchestrator.go:416.67,418.3 1 0
digital.vasic.translator/pkg/deployment/docker_orchestrator.go:420.2,430.12 3 0
digital.vasic.translator/pkg/deployment/docker_orchestrator.go:434.76,438.58 2 0
digital.vasic.translator/pkg/deployment/docker_orchestrator.go:438.58,440.3 1 0
digital.vasic.translator/pkg/deployment/docker_orchestrator.go:443.2,443.62 1 0
digital.vasic.translator/pkg/deployment/docker_orchestrator.go:443.62,445.3 1 0
digital.vasic.translator/pkg/deployment/docker_orchestrator.go:448.2,448.70 1 0
digital.vasic.translator/pkg/deployment/docker_orchestrator.go:448.70,450.3 1 0
digital.vasic.translator/pkg/deployment/docker_orchestrator.go:452.2,459.12 3 0
digital.vasic.translator/pkg/deployment/docker_orchestrator.go:463.77,466.61 2 0
digital.vasic.translator/pkg/deployment/docker_orchestrator.go:466.61,468.3 1 0
digital.vasic.translator/pkg/deployment/docker_orchestrator.go:471.2,471.70 1 0
digital.vasic.translator/pkg/deployment/docker_orchestrator.go:471.70,473.3 1 0
digital.vasic.translator/pkg/deployment/docker_orchestrator.go:475.2,482.12 3 0
digital.vasic.translator/pkg/deployment/docker_orchestrator.go:486.100,493.6 5 0
digital.vasic.translator/pkg/deployment/docker_orchestrator.go:493.6,494.10 1 0
digital.vasic.translator/pkg/deployment/docker_orchestrator.go:495.21,496.20 1 0
digital.vasic.translator/pkg/deployment/docker_orchestrator.go:497.18,498.86 1 0
digital.vasic.translator/pkg/deployment/docker_orchestrator.go:499.19,500.75 1 0
digital.vasic.translator/pkg/deployment/docker_orchestrator.go:500.75,502.5 1 0
digital.vasic.translator/pkg/deployment/docker_orchestrator.go:502.10,502.22 1 0
digital.vasic.translator/pkg/deployment/docker_orchestrator.go:502.22,505.5 2 0
digital.vasic.translator/pkg/deployment/docker_orchestrator.go:511.105,516.16 4 0
digital.vasic.translator/pkg/deployment/docker_orchestrator.go:516.16,518.3 1 0
digital.vasic.translator/pkg/deployment/docker_orchestrator.go:521.2,522.86 2 0
digital.vasic.translator/pkg/deployment/docker_orchestrator.go:522.86,524.3 1 0
digital.vasic.translator/pkg/deployment/docker_orchestrator.go:526.2,526.19 1 0
digital.vasic.translator/pkg/deployment/docker_orchestrator.go:530.105,535.16 4 0
digital.vasic.translator/pkg/deployment/docker_orchestrator.go:535.16,537.3 1 0
digital.vasic.translator/pkg/deployment/docker_orchestrator.go:539.2,539.47 1 0
digital.vasic.translator/pkg/deployment/docker_orchestrator.go:543.47,546.52 2 0
digital.vasic.translator/pkg/deployment/docker_orchestrator.go:546.52,548.3 1 0
digital.vasic.translator/pkg/deployment/docker_orchestrator.go:550.2,550.12 1 0
digital.vasic.translator/pkg/deployment/docker_orchestrator.go:554.61,555.24 1 0
digital.vasic.translator/pkg/deployment/docker_orchestrator.go:555.24,557.3 1 0
digital.vasic.translator/pkg/deployment/network_discovery.go:31.86,43.2 2 1
digital.vasic.translator/pkg/deployment/network_discovery.go:46.115,51.16 3 1
digital.vasic.translator/pkg/deployment/network_discovery.go:51.16,53.3 1 0
digital.vasic.translator/pkg/deployment/network_discovery.go:54.2,60.12 5 1
digital.vasic.translator/pkg/deployment/network_discovery.go:64.72,69.16 3 1
digital.vasic.translator/pkg/deployment/network_discovery.go:69.16,71.3 1 0
digital.vasic.translator/pkg/deployment/network_discovery.go:72.2,78.12 5 1
digital.vasic.translator/pkg/deployment/network_discovery.go:82.80,84.16 2 1
digital.vasic.translator/pkg/deployment/network_discovery.go:84.16,86.3 1 0
digital.vasic.translator/pkg/deployment/network_discovery.go:88.2,89.16 2 1
digital.vasic.translator/pkg/deployment/network_discovery.go:89.16,91.3 1 0
digital.vasic.translator/pkg/deployment/network_discovery.go:93.2,93.18 1 1
digital.vasic.translator/pkg/deployment/network_discovery.go:97.80,99.16 2 1
digital.vasic.translator/pkg/deployment/network_discovery.go:99.16,101.3 1 0
digital.vasic.translator/pkg/deployment/network_discovery.go:103.2,104.16 2 1
digital.vasic.translator/pkg/deployment/network_discovery.go:104.16,106.3 1 0
digital.vasic.translator/pkg/deployment/network_discovery.go:108.2,108.18 1 1
digital.vasic.translator/pkg/deployment/network_discovery.go:112.105,117.6 4 1
digital.vasic.translator/pkg/deployment/network_discovery.go:117.6,118.10 1 1
digital.vasic.translator/pkg/deployment/network_discovery.go:119.21,120.10 1 1
digital.vasic.translator/pkg/deployment/network_discovery.go:121.24,122.10 1 0
digital.vasic.translator/pkg/deployment/network_discovery.go:123.19,124.35 1 0
digital.vasic.translator/pkg/deployment/network_discovery.go:130.88,131.37 1 0
digital.vasic.translator/pkg/deployment/network_discovery.go:131.37,145.58 2 0
digital.vasic.translator/pkg/deployment/network_discovery.go:145.58,147.4 1 0
digital.vasic.translator/pkg/deployment/network_discovery.go:152.83,154.16 2 0
digital.vasic.translator/pkg/deployment/network_discovery.go:154.16,156.3 1 0
digital.vasic.translator/pkg/deployment/network_discovery.go:158.2,159.12 2 0
digital.vasic.translator/pkg/deployment/network_discovery.go:163.65,168.6 3 1
digital.vasic.translator/pkg/deployment/network_discovery.go:168.6,169.10 1 1
digital.vasic.translator/pkg/deployment/network_discovery.go:170.21,171.10 1 1
digital.vasic.translator/pkg/deployment/network_discovery.go:172.24,173.10 1 0
digital.vasic.translator/pkg/deployment/network_discovery.go:174.11,175.92 1 1
digital.vasic.translator/pkg/deployment/network_discovery.go:175.92,177.13 2 0
digital.vasic.translator/pkg/deployment/network_discovery.go:180.4,181.18 2 1
digital.vasic.translator/pkg/deployment/network_discovery.go:181.18,182.62 1 1
digital.vasic.translator/pkg/deployment/network_discovery.go:182.62,183.14 1 0
digital.vasic.translator/pkg/deployment/network_discovery.go:185.5,186.13 2 1
digital.vasic.translator/pkg/deployment/network_discovery.go:189.4,189.70 1 0
digital.vasic.translator/pkg/deployment/network_discovery.go:189.70,191.5 1 0
digital.vasic.translator/pkg/deployment/network_discovery.go:197.91,199.55 2 0
digital.vasic.translator/pkg/deployment/network_discovery.go:199.55,201.3 1 0
digital.vasic.translator/pkg/deployment/network_discovery.go:204.2,204.40 1 0
digital.vasic.translator/pkg/deployment/network_discovery.go:204.40,206.3 1 0
digital.vasic.translator/pkg/deployment/network_discovery.go:208.2,226.12 6 0
digital.vasic.translator/pkg/deployment/network_discovery.go:230.66,234.2 1 0
digital.vasic.translator/pkg/deployment/network_discovery.go:237.77,238.73 1 1
digital.vasic.translator/pkg/deployment/network_discovery.go:238.73,240.3 1 1
digital.vasic.translator/pkg/deployment/network_discovery.go:241.2,241.36 1 1
digital.vasic.translator/pkg/deployment/network_discovery.go:241.36,243.3 1 1
digital.vasic.translator/pkg/deployment/network_discovery.go:244.2,244.18 1 1
digital.vasic.translator/pkg/deployment/network_discovery.go:248.38,252.2 1 1
digital.vasic.translator/pkg/deployment/network_discovery.go:254.44,255.43 1 1
digital.vasic.translator/pkg/deployment/network_discovery.go:255.43,256.35 1 1
digital.vasic.translator/pkg/deployment/network_discovery.go:256.35,258.4 1 1
digital.vasic.translator/pkg/deployment/network_discovery.go:260.2,260.14 1 1
digital.vasic.translator/pkg/deployment/network_discovery.go:264.81,270.39 4 1
digital.vasic.translator/pkg/deployment/network_discovery.go:270.39,271.46 1 1
digital.vasic.translator/pkg/deployment/network_discovery.go:271.46,273.4 1 1
digital.vasic.translator/pkg/deployment/network_discovery.go:276.2,277.32 2 1
digital.vasic.translator/pkg/deployment/network_discovery.go:277.32,279.3 1 0
digital.vasic.translator/pkg/deployment/network_discovery.go:280.2,280.15 1 1
digital.vasic.translator/pkg/deployment/network_discovery.go:284.121,288.2 1 0
digital.vasic.translator/pkg/deployment/network_discovery.go:291.44,296.29 3 1
digital.vasic.translator/pkg/deployment/network_discovery.go:296.29,298.3 1 1
digital.vasic.translator/pkg/deployment/network_discovery.go:300.2,300.29 1 1
digital.vasic.translator/pkg/deployment/network_discovery.go:300.29,302.3 1 1
digital.vasic.translator/pkg/deployment/network_discovery.go:304.2,305.12 2 1
digital.vasic.translator/pkg/deployment/orchestrator.go:82.103,90.16 5 1
digital.vasic.translator/pkg/deployment/orchestrator.go:90.16,93.3 2 0
digital.vasic.translator/pkg/deployment/orchestrator.go:95.2,103.3 1 1
digital.vasic.translator/pkg/deployment/orchestrator.go:107.118,111.66 2 1
digital.vasic.translator/pkg/deployment/orchestrator.go:111.66,113.3 1 1
digital.vasic.translator/pkg/deployment/orchestrator.go:116.2,116.72 1 0
digital.vasic.translator/pkg/deployment/orchestrator.go:116.72,118.3 1 0
digital.vasic.translator/pkg/deployment/orchestrator.go:121.2,121.48 1 0
digital.vasic.translator/pkg/deployment/orchestrator.go:121.48,122.67 1 0
digital.vasic.translator/pkg/deployment/orchestrator.go:122.67,124.12 2 0
digital.vasic.translator/pkg/deployment/orchestrator.go:129.2,129.68 1 0
digital.vasic.translator/pkg/deployment/orchestrator.go:129.68,131.3 1 0
digital.vasic.translator/pkg/deployment/orchestrator.go:134.2,134.59 1 0
digital.vasic.translator/pkg/deployment/orchestrator.go:134.59,136.3 1 0
digital.vasic.translator/pkg/deployment/orchestrator.go:138.2,149.12 2 0
digital.vasic.translator/pkg/deployment/orchestrator.go:153.104,158.16 3 0
digital.vasic.translator/pkg/deployment/orchestrator.go:158.16,160.3 1 0
digital.vasic.translator/pkg/deployment/orchestrator.go:163.2,167.16 3 0
digital.vasic.translator/pkg/deployment/orchestrator.go:167.16,169.3 1 0
digital.vasic.translator/pkg/deployment/orchestrator.go:172.2,187.12 6 0
digital.vasic.translator/pkg/deployment/orchestrator.go:191.117,196.16 3 0
digital.vasic.translator/pkg/deployment/orchestrator.go:196.16,198.3 1 0
digital.vasic.translator/pkg/deployment/orchestrator.go:201.2,204.28 2 0
digital.vasic.translator/pkg/deployment/orchestrator.go:204.28,206.3 1 0
digital.vasic.translator/pkg/deployment/orchestrator.go:207.2,212.16 4 0
digital.vasic.translator/pkg/deployment/orchestrator.go:212.16,214.3 1 0
digital.vasic.translator/pkg/deployment/orchestrator.go:217.2,232.12 6 0
digital.vasic.translator/pkg/deployment/orchestrator.go:236.98,237.62 1 1
digital.vasic.translator/pkg/deployment/orchestrator.go:237.62,238.37 1 1
digital.vasic.translator/pkg/deployment/orchestrator.go:238.37,240.4 1 1
digital.vasic.translator/pkg/deployment/orchestrator.go:242.2,242.98 1 0
digital.vasic.translator/pkg/deployment/orchestrator.go:246.79,249.16 3 1
digital.vasic.translator/pkg/deployment/orchestrator.go:249.16,251.3 1 1
digital.vasic.translator/pkg/deployment/orchestrator.go:252.2,253.14 2 0
digital.vasic.translator/pkg/deployment/orchestrator.go:257.104,264.6 5 0
digital.vasic.translator/pkg/deployment/orchestrator.go:264.6,265.10 1 0
digital.vasic.translator/pkg/deployment/orchestrator.go:266.21,267.20 1 0
digital.vasic.translator/pkg/deployment/orchestrator.go:268.18,269.58 1 0
digital.vasic.translator/pkg/deployment/orchestrator.go:270.19,274.42 3 0
digital.vasic.translator/pkg/deployment/orchestrator.go:274.42,276.19 2 0
digital.vasic.translator/pkg/deployment/orchestrator.go:276.19,279.14 3 0
digital.vasic.translator/pkg/deployment/orchestrator.go:282.5,282.17 1 0
digital.vasic.translator/pkg/deployment/orchestrator.go:282.17,284.14 2 0
digital.vasic.translator/pkg/deployment/orchestrator.go:287.5,290.25 4 0
digital.vasic.translator/pkg/deployment/orchestrator.go:292.4,294.18 2 0
digital.vasic.translator/pkg/deployment/orchestrator.go:294.18,297.5 2 0
digital.vasic.translator/pkg/deployment/orchestrator.go:303.118,305.2 1 0
digital.vasic.translator/pkg/deployment/orchestrator.go:308.89,312.74 2 0
digital.vasic.translator/pkg/deployment/orchestrator.go:312.74,314.3 1 0
digital.vasic.translator/pkg/deployment/orchestrator.go:317.2,317.58 1 0
digital.vasic.translator/pkg/deployment/orchestrator.go:317.58,319.3 1 0
digital.vasic.translator/pkg/deployment/orchestrator.go:321.2,322.12 2 0
digital.vasic.translator/pkg/deployment/orchestrator.go:326.86,327.22 1 1
digital.vasic.translator/pkg/deployment/orchestrator.go:327.22,329.3 1 1
digital.vasic.translator/pkg/deployment/orchestrator.go:331.2,331.28 1 1
digital.vasic.translator/pkg/deployment/orchestrator.go:331.28,333.3 1 1
digital.vasic.translator/pkg/deployment/orchestrator.go:336.2,336.61 1 1
digital.vasic.translator/pkg/deployment/orchestrator.go:336.61,338.3 1 0
digital.vasic.translator/pkg/deployment/orchestrator.go:341.2,341.38 1 1
digital.vasic.translator/pkg/deployment/orchestrator.go:341.38,342.59 1 1
digital.vasic.translator/pkg/deployment/orchestrator.go:342.59,344.4 1 0
digital.vasic.translator/pkg/deployment/orchestrator.go:347.2,347.12 1 1
digital.vasic.translator/pkg/deployment/orchestrator.go:351.87,352.20 1 1
digital.vasic.translator/pkg/deployment/orchestrator.go:352.20,354.3 1 0
digital.vasic.translator/pkg/deployment/orchestrator.go:356.2,356.20 1 1
digital.vasic.translator/pkg/deployment/orchestrator.go:356.20,358.3 1 0
digital.vasic.translator/pkg/deployment/orchestrator.go:360.2,360.27 1 1
digital.vasic.translator/pkg/deployment/orchestrator.go:360.27,362.3 1 0
digital.vasic.translator/pkg/deployment/orchestrator.go:364.2,364.29 1 1
digital.vasic.translator/pkg/deployment/orchestrator.go:364.29,366.3 1 0
digital.vasic.translator/pkg/deployment/orchestrator.go:368.2,368.25 1 1
digital.vasic.translator/pkg/deployment/orchestrator.go:368.25,370.3 1 0
digital.vasic.translator/pkg/deployment/orchestrator.go:372.2,372.12 1 1
digital.vasic.translator/pkg/deployment/orchestrator.go:376.64,380.39 3 0
digital.vasic.translator/pkg/deployment/orchestrator.go:380.39,381.44 1 0
digital.vasic.translator/pkg/deployment/orchestrator.go:381.44,383.4 1 0
digital.vasic.translator/pkg/deployment/orchestrator.go:385.2,385.11 1 0
digital.vasic.translator/pkg/deployment/orchestrator.go:389.87,394.32 4 1
digital.vasic.translator/pkg/deployment/orchestrator.go:394.32,396.3 1 1
digital.vasic.translator/pkg/deployment/orchestrator.go:397.2,397.15 1 1
digital.vasic.translator/pkg/deployment/orchestrator.go:401.65,402.24 1 0
digital.vasic.translator/pkg/deployment/orchestrator.go:402.24,404.3 1 0
digital.vasic.translator/pkg/deployment/orchestrator.go:408.106,415.13 5 0
digital.vasic.translator/pkg/deployment/orchestrator.go:415.13,417.3 1 0
digital.vasic.translator/pkg/deployment/orchestrator.go:420.2,424.16 3 0
digital.vasic.translator/pkg/deployment/orchestrator.go:424.16,426.3 1 0
digital.vasic.translator/pkg/deployment/orchestrator.go:429.2,436.79 6 0
digital.vasic.translator/pkg/deployment/orchestrator.go:436.79,438.3 1 0
digital.vasic.translator/pkg/deployment/orchestrator.go:440.2,457.12 7 0
digital.vasic.translator/pkg/deployment/orchestrator.go:461.80,466.39 4 0
digital.vasic.translator/pkg/deployment/orchestrator.go:466.39,468.3 1 0
digital.vasic.translator/pkg/deployment/orchestrator.go:469.2,471.37 2 0
digital.vasic.translator/pkg/deployment/orchestrator.go:471.37,472.99 1 0
digital.vasic.translator/pkg/deployment/orchestrator.go:472.99,474.4 1 0
digital.vasic.translator/pkg/deployment/orchestrator.go:477.2,484.12 3 0
digital.vasic.translator/pkg/deployment/orchestrator.go:488.97,495.13 5 0
digital.vasic.translator/pkg/deployment/orchestrator.go:495.13,497.3 1 0
digital.vasic.translator/pkg/deployment/orchestrator.go:500.2,500.74 1 0
digital.vasic.translator/pkg/deployment/orchestrator.go:500.74,502.3 1 0
digital.vasic.translator/pkg/deployment/orchestrator.go:505.2,511.79 5 0
digital.vasic.translator/pkg/deployment/orchestrator.go:511.79,513.3 1 0
digital.vasic.translator/pkg/deployment/orchestrator.go:515.2,530.12 7 0
digital.vasic.translator/pkg/deployment/orchestrator.go:534.81,539.39 4 0
digital.vasic.translator/pkg/deployment/orchestrator.go:539.39,541.3 1 0
digital.vasic.translator/pkg/deployment/orchestrator.go:542.2,544.37 2 0
digital.vasic.translator/pkg/deployment/orchestrator.go:544.37,545.61 1 0
digital.vasic.translator/pkg/deployment/orchestrator.go:545.61,547.4 1 0
digital.vasic.translator/pkg/deployment/orchestrator.go:550.2,557.12 3 0
digital.vasic.translator/pkg/deployment/orchestrator.go:561.135,566.6 4 0
digital.vasic.translator/pkg/deployment/orchestrator.go:566.6,567.10 1 0
digital.vasic.translator/pkg/deployment/orchestrator.go:568.21,569.20 1 0
digital.vasic.translator/pkg/deployment/orchestrator.go:570.22,571.87 1 0
digital.vasic.translator/pkg/deployment/orchestrator.go:572.19,574.18 2 0
digital.vasic.translator/pkg/deployment/orchestrator.go:574.18,576.13 2 0
digital.vasic.translator/pkg/deployment/orchestrator.go:579.4,579.15 1 0
digital.vasic.translator/pkg/deployment/orchestrator.go:579.15,581.5 1 0
digital.vasic.translator/pkg/deployment/orchestrator.go:587.49,590.25 2 1
digital.vasic.translator/pkg/deployment/orchestrator.go:590.25,592.3 1 1
digital.vasic.translator/pkg/deployment/orchestrator.go:594.2,594.26 1 1
digital.vasic.translator/pkg/deployment/orchestrator.go:594.26,596.3 1 1
digital.vasic.translator/pkg/deployment/orchestrator.go:598.2,598.24 1 1
digital.vasic.translator/pkg/deployment/orchestrator.go:598.24,600.3 1 1
digital.vasic.translator/pkg/deployment/orchestrator.go:602.2,602.12 1 1
digital.vasic.translator/pkg/deployment/ssh_deployer.go:20.54,24.2 1 1
digital.vasic.translator/pkg/deployment/ssh_deployer.go:27.102,32.16 3 0
digital.vasic.translator/pkg/deployment/ssh_deployer.go:32.16,34.3 1 0
digital.vasic.translator/pkg/deployment/ssh_deployer.go:35.2,38.53 2 0
digital.vasic.translator/pkg/deployment/ssh_deployer.go:38.53,40.3 1 0
digital.vasic.translator/pkg/deployment/ssh_deployer.go:43.2,43.70 1 0
digital.vasic.translator/pkg/deployment/ssh_deployer.go:43.70,45.3 1 0
digital.vasic.translator/pkg/deployment/ssh_deployer.go:48.2,48.87 1 0
digital.vasic.translator/pkg/deployment/ssh_deployer.go:48.87,50.3 1 0
digital.vasic.translator/pkg/deployment/ssh_deployer.go:53.2,54.16 2 0
digital.vasic.translator/pkg/deployment/ssh_deployer.go:54.16,56.3 1 0
digital.vasic.translator/pkg/deployment/ssh_deployer.go:58.2,59.25 2 0
digital.vasic.translator/pkg/deployment/ssh_deployer.go:63.82,76.16 3 0
digital.vasic.translator/pkg/deployment/ssh_deployer.go:76.16,78.3 1 0
digital.vasic.translator/pkg/deployment/ssh_deployer.go:80.2,80.20 1 0
digital.vasic.translator/pkg/deployment/ssh_deployer.go:84.84,86.16 2 0
digital.vasic.translator/pkg/deployment/ssh_deployer.go:86.16,88.3 1 0
digital.vasic.translator/pkg/deployment/ssh_deployer.go:89.2,92.52 2 0
digital.vasic.translator/pkg/deployment/ssh_deployer.go:92.52,94.3 1 0
digital.vasic.translator/pkg/deployment/ssh_deployer.go:97.2,98.16 2 0
digital.vasic.translator/pkg/deployment/ssh_deployer.go:98.16,100.3 1 0
digital.vasic.translator/pkg/deployment/ssh_deployer.go:101.2,104.74 2 0
digital.vasic.translator/pkg/deployment/ssh_deployer.go:104.74,107.17 2 0
digital.vasic.translator/pkg/deployment/ssh_deployer.go:107.17,109.4 1 0
digital.vasic.translator/pkg/deployment/ssh_deployer.go:110.3,112.68 2 0
digital.vasic.translator/pkg/deployment/ssh_deployer.go:112.68,114.4 1 0
digital.vasic.translator/pkg/deployment/ssh_deployer.go:117.2,117.12 1 0
digital.vasic.translator/pkg/deployment/ssh_deployer.go:121.95,123.16 2 0
digital.vasic.translator/pkg/deployment/ssh_deployer.go:123.16,125.3 1 0
digital.vasic.translator/pkg/deployment/ssh_deployer.go:126.2,129.25 3 0
digital.vasic.translator/pkg/deployment/ssh_deployer.go:133.118,135.16 2 0
digital.vasic.translator/pkg/deployment/ssh_deployer.go:135.16,137.3 1 0
digital.vasic.translator/pkg/deployment/ssh_deployer.go:138.2,142.41 3 0
digital.vasic.translator/pkg/deployment/ssh_deployer.go:142.41,144.3 1 0
digital.vasic.translator/pkg/deployment/ssh_deployer.go:146.2,147.16 2 0
digital.vasic.translator/pkg/deployment/ssh_deployer.go:147.16,149.3 1 0
digital.vasic.translator/pkg/deployment/ssh_deployer.go:150.2,154.41 3 0
digital.vasic.translator/pkg/deployment/ssh_deployer.go:154.41,156.3 1 0
digital.vasic.translator/pkg/deployment/ssh_deployer.go:158.2,158.12 1 0
digital.vasic.translator/pkg/deployment/ssh_deployer.go:162.131,164.16 2 0
digital.vasic.translator/pkg/deployment/ssh_deployer.go:164.16,166.3 1 0
digital.vasic.translator/pkg/deployment/ssh_deployer.go:167.2,179.41 7 0
digital.vasic.translator/pkg/deployment/ssh_deployer.go:179.41,181.3 1 0
digital.vasic.translator/pkg/deployment/ssh_deployer.go:184.2,185.23 2 0
digital.vasic.translator/pkg/deployment/ssh_deployer.go:185.23,187.3 1 0
digital.vasic.translator/pkg/deployment/ssh_deployer.go:189.2,189.25 1 0
digital.vasic.translator/pkg/deployment/ssh_deployer.go:193.79,199.32 4 0
digital.vasic.translator/pkg/deployment/ssh_deployer.go:199.32,202.3 2 0
digital.vasic.translator/pkg/deployment/ssh_deployer.go:202.8,204.3 1 0
digital.vasic.translator/pkg/deployment/ssh_deployer.go:207.2,207.42 1 0
digital.vasic.translator/pkg/deployment/ssh_deployer.go:207.42,210.3 2 0
digital.vasic.translator/pkg/deployment/ssh_deployer.go:213.2,213.36 1 0
digital.vasic.translator/pkg/deployment/ssh_deployer.go:213.36,215.52 2 0
digital.vasic.translator/pkg/deployment/ssh_deployer.go:215.52,218.4 2 0
digital.vasic.translator/pkg/deployment/ssh_deployer.go:222.2,222.40 1 0
digital.vasic.translator/pkg/deployment/ssh_deployer.go:222.40,227.22 5 0
digital.vasic.translator/pkg/deployment/ssh_deployer.go:227.22,229.4 1 0
digital.vasic.translator/pkg/deployment/ssh_deployer.go:233.2,233.45 1 0
digital.vasic.translator/pkg/deployment/ssh_deployer.go:233.45,239.3 5 0
digital.vasic.translator/pkg/deployment/ssh_deployer.go:242.2,242.31 1 0
digital.vasic.translator/pkg/deployment/ssh_deployer.go:242.31,247.38 4 0
digital.vasic.translator/pkg/deployment/ssh_deployer.go:247.38,249.4 1 0
digital.vasic.translator/pkg/deployment/ssh_deployer.go:250.3,250.37 1 0
digital.vasic.translator/pkg/deployment/ssh_deployer.go:250.37,252.4 1 0
digital.vasic.translator/pkg/deployment/ssh_deployer.go:253.3,253.37 1 0
digital.vasic.translator/pkg/deployment/ssh_deployer.go:253.37,255.4 1 0
digital.vasic.translator/pkg/deployment/ssh_deployer.go:256.3,256.41 1 0
digital.vasic.translator/pkg/deployment/ssh_deployer.go:256.41,258.4 1 0
digital.vasic.translator/pkg/deployment/ssh_deployer.go:262.2,265.21 3 0
digital.vasic.translator/pkg/deployment/ssh_deployer.go:269.102,277.16 4 0
digital.vasic.translator/pkg/deployment/ssh_deployer.go:277.16,279.3 1 0
digital.vasic.translator/pkg/deployment/ssh_deployer.go:280.2,282.46 2 0
digital.vasic.translator/pkg/deployment/ssh_deployer.go:286.115,288.16 2 0
digital.vasic.translator/pkg/deployment/ssh_deployer.go:288.16,290.3 1 0
digital.vasic.translator/pkg/deployment/ssh_deployer.go:291.2,294.16 3 0
digital.vasic.translator/pkg/deployment/ssh_deployer.go:294.16,296.3 1 0
digital.vasic.translator/pkg/deployment/ssh_deployer.go:297.2,305.41 6 0
digital.vasic.translator/pkg/deployment/ssh_deployer.go:305.41,307.3 1 0
digital.vasic.translator/pkg/deployment/ssh_deployer.go:309.2,309.29 1 0
digital.vasic.translator/pkg/deployment/ssh_deployer.go:313.90,315.16 2 0
digital.vasic.translator/pkg/deployment/ssh_deployer.go:315.16,317.3 1 0
digital.vasic.translator/pkg/deployment/ssh_deployer.go:318.2,321.16 3 0
digital.vasic.translator/pkg/deployment/ssh_deployer.go:321.16,323.3 1 0
digital.vasic.translator/pkg/deployment/ssh_deployer.go:324.2,327.25 3 0
digital.vasic.translator/pkg/deployment/ssh_deployer.go:331.92,333.16 2 0
digital.vasic.translator/pkg/deployment/ssh_deployer.go:333.16,335.3 1 0
digital.vasic.translator/pkg/deployment/ssh_deployer.go:336.2,339.16 3 0
digital.vasic.translator/pkg/deployment/ssh_deployer.go:339.16,341.3 1 0
digital.vasic.translator/pkg/deployment/ssh_deployer.go:342.2,345.25 3 0
digital.vasic.translator/pkg/deployment/ssh_deployer.go:349.102,353.16 3 0
digital.vasic.translator/pkg/deployment/ssh_deployer.go:353.16,355.3 1 0
digital.vasic.translator/pkg/deployment/ssh_deployer.go:356.2,359.16 3 0
digital.vasic.translator/pkg/deployment/ssh_deployer.go:359.16,361.3 1 0
digital.vasic.translator/pkg/deployment/ssh_deployer.go:362.2,366.45 3 0
digital.vasic.translator/pkg/deployment/ssh_deployer.go:366.45,368.3 1 0
digital.vasic.translator/pkg/deployment/ssh_deployer.go:371.2,372.47 2 0
digital.vasic.translator/pkg/deployment/ssh_deployer.go:372.47,374.3 1 0
digital.vasic.translator/pkg/deployment/ssh_deployer.go:377.2,379.16 3 0
digital.vasic.translator/pkg/deployment/ssh_deployer.go:379.16,381.3 1 0
digital.vasic.translator/pkg/deployment/ssh_deployer.go:382.2,384.46 2 0
digital.vasic.translator/pkg/deployment/ssh_deployer.go:384.46,386.3 1 0
digital.vasic.translator/pkg/deployment/ssh_deployer.go:389.2,391.16 3 0
digital.vasic.translator/pkg/deployment/ssh_deployer.go:391.16,393.3 1 0
digital.vasic.translator/pkg/deployment/ssh_deployer.go:394.2,399.45 4 0
digital.vasic.translator/pkg/deployment/ssh_deployer.go:399.45,401.3 1 0
digital.vasic.translator/pkg/deployment/ssh_deployer.go:403.2,406.25 3 0
digital.vasic.translator/pkg/deployment/ssh_deployer.go:410.93,414.16 3 0
digital.vasic.translator/pkg/deployment/ssh_deployer.go:414.16,416.3 1 0
digital.vasic.translator/pkg/deployment/ssh_deployer.go:417.2,420.16 3 0
digital.vasic.translator/pkg/deployment/ssh_deployer.go:420.16,422.3 1 0
digital.vasic.translator/pkg/deployment/ssh_deployer.go:423.2,426.25 3 0
digital.vasic.translator/pkg/deployment/ssh_deployer.go:430.38,433.2 1 1
digital.vasic.translator/pkg/security/auth.go:27.76,32.2 1 1
digital.vasic.translator/pkg/security/auth.go:35.95,49.2 3 1
digital.vasic.translator/pkg/security/auth.go:52.75,53.104 1 1
digital.vasic.translator/pkg/security/auth.go:53.104,54.58 1 1
digital.vasic.translator/pkg/security/auth.go:54.58,56.4 1 1
digital.vasic.translator/pkg/security/auth.go:57.3,57.27 1 1
digital.vasic.translator/pkg/security/auth.go:60.2,60.16 1 1
digital.vasic.translator/pkg/security/auth.go:60.16,62.3 1 1
digital.vasic.translator/pkg/security/auth.go:64.2,64.61 1 1
digital.vasic.translator/pkg/security/auth.go:64.61,66.3 1 1
digital.vasic.translator/pkg/security/auth.go:68.2,68.41 1 0
digital.vasic.translator/pkg/security/auth.go:72.39,74.44 2 1
digital.vasic.translator/pkg/security/auth.go:74.44,76.3 1 0
digital.vasic.translator/pkg/security/auth.go:77.2,77.54 1 1
digital.vasic.translator/pkg/security/auth.go:96.36,100.2 1 1
digital.vasic.translator/pkg/security/auth.go:103.61,105.2 1 1
digital.vasic.translator/pkg/security/auth.go:108.69,110.9 2 1
digital.vasic.translator/pkg/security/auth.go:110.9,112.3 1 1
digital.vasic.translator/pkg/security/auth.go:114.2,114.18 1 1
digital.vasic.translator/pkg/security/auth.go:114.18,116.3 1 1
digital.vasic.translator/pkg/security/auth.go:118.2,118.64 1 1
digital.vasic.translator/pkg/security/auth.go:118.64,120.3 1 1
digital.vasic.translator/pkg/security/auth.go:122.2,122.20 1 1
digital.vasic.translator/pkg/security/auth.go:126.47,127.35 1 1
digital.vasic.translator/pkg/security/auth.go:127.35,130.3 2 1
digital.vasic.translator/pkg/security/ratelimit.go:19.50,30.2 3 1
digital.vasic.translator/pkg/security/ratelimit.go:33.47,36.2 2 1
digital.vasic.translator/pkg/security/ratelimit.go:39.41,42.2 2 0
digital.vasic.translator/pkg/security/ratelimit.go:45.61,50.12 4 1
digital.vasic.translator/pkg/security/ratelimit.go:50.12,52.3 1 1
digital.vasic.translator/pkg/security/ratelimit.go:54.2,58.49 3 1
digital.vasic.translator/pkg/security/ratelimit.go:58.49,60.3 1 1
digital.vasic.translator/pkg/security/ratelimit.go:62.2,64.16 3 1
digital.vasic.translator/pkg/security/ratelimit.go:68.34,72.21 3 1
digital.vasic.translator/pkg/security/ratelimit.go:72.21,77.3 2 0
digital.vasic.translator/pkg/security/ratelimit.go:81.42,85.2 3 1
digital.vasic.translator/pkg/security/ratelimit.go:88.58,97.2 3 1
digital.vasic.translator/pkg/security/user_auth.go:20.116,25.2 1 0
digital.vasic.translator/pkg/security/user_auth.go:43.88,46.16 2 0
digital.vasic.translator/pkg/security/user_auth.go:46.16,47.45 1 0
digital.vasic.translator/pkg/security/user_auth.go:47.45,49.4 1 0
digital.vasic.translator/pkg/security/user_auth.go:50.3,50.57 1 0
digital.vasic.translator/pkg/security/user_auth.go:54.2,54.20 1 0
digital.vasic.translator/pkg/security/user_auth.go:54.20,56.3 1 0
digital.vasic.translator/pkg/security/user_auth.go:59.2,59.60 1 0
digital.vasic.translator/pkg/security/user_auth.go:59.60,61.3 1 0
digital.vasic.translator/pkg/security/user_auth.go:64.2,65.16 2 0
digital.vasic.translator/pkg/security/user_auth.go:65.16,67.3 1 0
digital.vasic.translator/pkg/security/user_auth.go:69.2,75.8 1 0
digital.vasic.translator/pkg/security/user_auth.go:79.79,82.16 2 0
digital.vasic.translator/pkg/security/user_auth.go:82.16,84.3 1 0
digital.vasic.translator/pkg/security/user_auth.go:86.2,86.29 1 0
digital.vasic.translator/pkg/security/user_auth.go:86.29,87.24 1 0
digital.vasic.translator/pkg/security/user_auth.go:87.24,88.22 1 0
digital.vasic.translator/pkg/security/user_auth.go:88.22,90.5 1 0
digital.vasic.translator/pkg/security/user_auth.go:91.4,91.20 1 0
digital.vasic.translator/pkg/security/user_auth.go:95.2,95.36 1 0
digital.vasic.translator/pkg/security/user_auth.go:107.85,110.16 2 0
digital.vasic.translator/pkg/security/user_auth.go:110.16,112.3 1 0
digital.vasic.translator/pkg/security/user_auth.go:113.2,113.45 1 0
digital.vasic.translator/pkg/security/user_auth.go:113.45,115.3 1 0
digital.vasic.translator/pkg/security/user_auth.go:118.2,119.16 2 0
digital.vasic.translator/pkg/security/user_auth.go:119.16,121.3 1 0
digital.vasic.translator/pkg/security/user_auth.go:122.2,122.45 1 0
digital.vasic.translator/pkg/security/user_auth.go:122.45,124.3 1 0
digital.vasic.translator/pkg/security/user_auth.go:127.2,127.25 1 0
digital.vasic.translator/pkg/security/user_auth.go:127.25,129.3 1 0
digital.vasic.translator/pkg/security/user_auth.go:132.2,141.50 2 0
digital.vasic.translator/pkg/security/user_auth.go:141.50,143.3 1 0
digital.vasic.translator/pkg/security/user_auth.go:146.2,147.18 2 0
digital.vasic.translator/pkg/security/user_auth.go:151.30,155.2 3 0
