mode: set
digital.vasic.translator/pkg/security/auth.go:27.76,29.25 1 1
digital.vasic.translator/pkg/security/auth.go:29.25,30.62 1 1
digital.vasic.translator/pkg/security/auth.go:32.2,35.3 1 1
digital.vasic.translator/pkg/security/auth.go:39.95,41.18 1 1
digital.vasic.translator/pkg/security/auth.go:41.18,43.3 1 1
digital.vasic.translator/pkg/security/auth.go:44.2,44.20 1 1
digital.vasic.translator/pkg/security/auth.go:44.20,46.3 1 1
digital.vasic.translator/pkg/security/auth.go:47.2,47.22 1 1
digital.vasic.translator/pkg/security/auth.go:47.22,49.3 1 1
digital.vasic.translator/pkg/security/auth.go:51.2,63.41 3 1
digital.vasic.translator/pkg/security/auth.go:67.75,69.23 1 1
digital.vasic.translator/pkg/security/auth.go:69.23,71.3 1 1
digital.vasic.translator/pkg/security/auth.go:73.2,75.104 2 1
digital.vasic.translator/pkg/security/auth.go:75.104,76.58 1 1
digital.vasic.translator/pkg/security/auth.go:76.58,78.4 1 1
digital.vasic.translator/pkg/security/auth.go:79.3,79.27 1 1
digital.vasic.translator/pkg/security/auth.go:83.2,83.16 1 1
digital.vasic.translator/pkg/security/auth.go:83.16,86.36 2 1
digital.vasic.translator/pkg/security/auth.go:86.36,88.4 1 1
digital.vasic.translator/pkg/security/auth.go:89.3,89.18 1 1
digital.vasic.translator/pkg/security/auth.go:92.2,92.61 1 1
digital.vasic.translator/pkg/security/auth.go:92.61,94.3 1 1
digital.vasic.translator/pkg/security/auth.go:96.2,96.41 1 0
digital.vasic.translator/pkg/security/auth.go:100.69,101.19 1 1
digital.vasic.translator/pkg/security/auth.go:101.19,103.3 1 1
digital.vasic.translator/pkg/security/auth.go:105.2,117.41 3 1
digital.vasic.translator/pkg/security/auth.go:121.39,123.44 2 1
digital.vasic.translator/pkg/security/auth.go:123.44,125.3 1 0
digital.vasic.translator/pkg/security/auth.go:126.2,126.54 1 1
digital.vasic.translator/pkg/security/auth.go:145.36,149.2 1 1
digital.vasic.translator/pkg/security/auth.go:152.61,154.2 1 1
digital.vasic.translator/pkg/security/auth.go:157.69,159.9 2 1
digital.vasic.translator/pkg/security/auth.go:159.9,161.3 1 1
digital.vasic.translator/pkg/security/auth.go:163.2,163.18 1 1
digital.vasic.translator/pkg/security/auth.go:163.18,165.3 1 1
digital.vasic.translator/pkg/security/auth.go:167.2,167.64 1 1
digital.vasic.translator/pkg/security/auth.go:167.64,169.3 1 1
digital.vasic.translator/pkg/security/auth.go:171.2,171.20 1 1
digital.vasic.translator/pkg/security/auth.go:175.47,176.35 1 1
digital.vasic.translator/pkg/security/auth.go:176.35,179.3 2 1
digital.vasic.translator/pkg/security/ratelimit.go:21.50,33.2 3 1
digital.vasic.translator/pkg/security/ratelimit.go:36.47,45.2 5 1
digital.vasic.translator/pkg/security/ratelimit.go:48.41,58.2 5 1
digital.vasic.translator/pkg/security/ratelimit.go:61.67,63.12 2 1
digital.vasic.translator/pkg/security/ratelimit.go:63.12,65.3 1 1
digital.vasic.translator/pkg/security/ratelimit.go:67.2,69.16 3 1
digital.vasic.translator/pkg/security/ratelimit.go:73.61,81.2 4 1
digital.vasic.translator/pkg/security/ratelimit.go:84.34,88.21 3 1
digital.vasic.translator/pkg/security/ratelimit.go:88.21,93.42 3 0
digital.vasic.translator/pkg/security/ratelimit.go:93.42,94.37 1 0
digital.vasic.translator/pkg/security/ratelimit.go:94.37,97.5 2 0
digital.vasic.translator/pkg/security/ratelimit.go:100.3,100.17 1 0
digital.vasic.translator/pkg/security/ratelimit.go:105.42,110.2 4 1
digital.vasic.translator/pkg/security/ratelimit.go:113.58,122.2 3 1
digital.vasic.translator/pkg/security/user_auth.go:20.116,25.2 1 1
digital.vasic.translator/pkg/security/user_auth.go:43.88,46.16 2 1
digital.vasic.translator/pkg/security/user_auth.go:46.16,47.45 1 1
digital.vasic.translator/pkg/security/user_auth.go:47.45,49.4 1 1
digital.vasic.translator/pkg/security/user_auth.go:50.3,50.57 1 1
digital.vasic.translator/pkg/security/user_auth.go:54.2,54.20 1 0
digital.vasic.translator/pkg/security/user_auth.go:54.20,56.3 1 0
digital.vasic.translator/pkg/security/user_auth.go:59.2,59.60 1 0
digital.vasic.translator/pkg/security/user_auth.go:59.60,61.3 1 0
digital.vasic.translator/pkg/security/user_auth.go:64.2,65.16 2 0
digital.vasic.translator/pkg/security/user_auth.go:65.16,67.3 1 0
digital.vasic.translator/pkg/security/user_auth.go:69.2,75.8 1 0
digital.vasic.translator/pkg/security/user_auth.go:79.79,82.16 2 1
digital.vasic.translator/pkg/security/user_auth.go:82.16,84.3 1 1
digital.vasic.translator/pkg/security/user_auth.go:86.2,86.29 1 1
digital.vasic.translator/pkg/security/user_auth.go:86.29,87.24 1 1
digital.vasic.translator/pkg/security/user_auth.go:87.24,88.22 1 1
digital.vasic.translator/pkg/security/user_auth.go:88.22,90.5 1 1
digital.vasic.translator/pkg/security/user_auth.go:91.4,91.20 1 1
digital.vasic.translator/pkg/security/user_auth.go:95.2,95.36 1 1
digital.vasic.translator/pkg/security/user_auth.go:107.85,110.16 2 1
digital.vasic.translator/pkg/security/user_auth.go:110.16,112.3 1 1
digital.vasic.translator/pkg/security/user_auth.go:113.2,113.45 1 1
digital.vasic.translator/pkg/security/user_auth.go:113.45,115.3 1 0
digital.vasic.translator/pkg/security/user_auth.go:118.2,119.16 2 1
digital.vasic.translator/pkg/security/user_auth.go:119.16,121.3 1 1
digital.vasic.translator/pkg/security/user_auth.go:122.2,122.45 1 1
digital.vasic.translator/pkg/security/user_auth.go:122.45,124.3 1 0
digital.vasic.translator/pkg/security/user_auth.go:127.2,127.25 1 1
digital.vasic.translator/pkg/security/user_auth.go:127.25,129.3 1 1
digital.vasic.translator/pkg/security/user_auth.go:132.2,141.50 2 1
digital.vasic.translator/pkg/security/user_auth.go:141.50,143.3 1 0
digital.vasic.translator/pkg/security/user_auth.go:146.2,147.18 2 1
digital.vasic.translator/pkg/security/user_auth.go:151.30,155.2 3 1
